CRITICAL - 2023-01-18 01:25:12 --> Undefined variable: id_post
in APPPATH\Libraries\test_count.php on line 23.
 1 APPPATH\Libraries\test_count.php(23): CodeIgniter\Debug\Exceptions->errorHandler(8, 'Undefined variable: id_post', 'APPPATH\\Libraries\\test_count.php', 23, [...])
 2 APPPATH\Controllers\Test_controller.php(19): App\Libraries\test_count->test()
 3 SYSTEMPATH\CodeIgniter.php(925): App\Controllers\Test_controller->index()
 4 SYSTEMPATH\CodeIgniter.php(480): CodeIgniter\CodeIgniter->runController(Object(App\Controllers\Test_controller))
 5 SYSTEMPATH\CodeIgniter.php(349): CodeIgniter\CodeIgniter->handleRequest(null, Object(Config\Cache), false)
 6 FCPATH\index.php(67): CodeIgniter\CodeIgniter->run()
CRITICAL - 2023-01-18 01:25:43 --> Undefined variable: id_post
in APPPATH\Libraries\test_count.php on line 23.
 1 APPPATH\Libraries\test_count.php(23): CodeIgniter\Debug\Exceptions->errorHandler(8, 'Undefined variable: id_post', 'APPPATH\\Libraries\\test_count.php', 23, [...])
 2 APPPATH\Controllers\Test_controller.php(19): App\Libraries\test_count->test()
 3 SYSTEMPATH\CodeIgniter.php(925): App\Controllers\Test_controller->index()
 4 SYSTEMPATH\CodeIgniter.php(480): CodeIgniter\CodeIgniter->runController(Object(App\Controllers\Test_controller))
 5 SYSTEMPATH\CodeIgniter.php(349): CodeIgniter\CodeIgniter->handleRequest(null, Object(Config\Cache), false)
 6 FCPATH\index.php(67): CodeIgniter\CodeIgniter->run()
CRITICAL - 2023-01-18 02:02:33 --> Undefined property: App\Controllers\Test_controller::$db
in APPPATH\Controllers\Test_controller.php on line 23.
 1 APPPATH\Controllers\Test_controller.php(23): CodeIgniter\Debug\Exceptions->errorHandler(8, 'Undefined property: App\\Controllers\\Test_controller::$db', 'APPPATH\\Controllers\\Test_controller.php', 23, [...])
 2 SYSTEMPATH\CodeIgniter.php(925): App\Controllers\Test_controller->index()
 3 SYSTEMPATH\CodeIgniter.php(480): CodeIgniter\CodeIgniter->runController(Object(App\Controllers\Test_controller))
 4 SYSTEMPATH\CodeIgniter.php(349): CodeIgniter\CodeIgniter->handleRequest(null, Object(Config\Cache), false)
 5 FCPATH\index.php(67): CodeIgniter\CodeIgniter->run()
CRITICAL - 2023-01-18 02:02:44 --> Call to undefined method App\Controllers\Test_controller::insert()
in APPPATH\Controllers\Test_controller.php on line 23.
 1 SYSTEMPATH\CodeIgniter.php(925): App\Controllers\Test_controller->index()
 2 SYSTEMPATH\CodeIgniter.php(480): CodeIgniter\CodeIgniter->runController(Object(App\Controllers\Test_controller))
 3 SYSTEMPATH\CodeIgniter.php(349): CodeIgniter\CodeIgniter->handleRequest(null, Object(Config\Cache), false)
 4 FCPATH\index.php(67): CodeIgniter\CodeIgniter->run()
CRITICAL - 2023-01-18 03:19:21 --> Undefined variable: id_post
in APPPATH\Libraries\test_count.php on line 23.
 1 APPPATH\Libraries\test_count.php(23): CodeIgniter\Debug\Exceptions->errorHandler(8, 'Undefined variable: id_post', 'APPPATH\\Libraries\\test_count.php', 23, [...])
 2 APPPATH\Controllers\Test_controller.php(19): App\Libraries\test_count->test()
 3 SYSTEMPATH\CodeIgniter.php(925): App\Controllers\Test_controller->index()
 4 SYSTEMPATH\CodeIgniter.php(480): CodeIgniter\CodeIgniter->runController(Object(App\Controllers\Test_controller))
 5 SYSTEMPATH\CodeIgniter.php(349): CodeIgniter\CodeIgniter->handleRequest(null, Object(Config\Cache), false)
 6 FCPATH\index.php(67): CodeIgniter\CodeIgniter->run()
CRITICAL - 2023-01-18 21:37:56 --> Class 'App\Controllers\insert_test' not found
in APPPATH\Controllers\Test_controller.php on line 44.
 1 SYSTEMPATH\Autoloader\Autoloader.php(283): include_once()
 2 SYSTEMPATH\Autoloader\Autoloader.php(260): CodeIgniter\Autoloader\Autoloader->includeFile('APPPATH\\Controllers\\Test_controller.php')
 3 SYSTEMPATH\Autoloader\Autoloader.php(238): CodeIgniter\Autoloader\Autoloader->loadInNamespace('App\\Controllers\\Test_controller')
 4 [internal function]: CodeIgniter\Autoloader\Autoloader->loadClass('App\\Controllers\\Test_controller')
 5 [internal function]: spl_autoload_call('App\\Controllers\\Test_controller')
 6 SYSTEMPATH\CodeIgniter.php(875): class_exists('\\App\\Controllers\\Test_controller', true)
 7 SYSTEMPATH\CodeIgniter.php(467): CodeIgniter\CodeIgniter->startController()
 8 SYSTEMPATH\CodeIgniter.php(349): CodeIgniter\CodeIgniter->handleRequest(null, Object(Config\Cache), false)
 9 FCPATH\index.php(67): CodeIgniter\CodeIgniter->run()
CRITICAL - 2023-01-18 21:38:09 --> Undefined variable: builder
in APPPATH\Controllers\Test_controller.php on line 45.
 1 APPPATH\Controllers\Test_controller.php(45): CodeIgniter\Debug\Exceptions->errorHandler(8, 'Undefined variable: builder', 'APPPATH\\Controllers\\Test_controller.php', 45, [...])
 2 SYSTEMPATH\Autoloader\Autoloader.php(283): include_once('APPPATH\\Controllers\\Test_controller.php')
 3 SYSTEMPATH\Autoloader\Autoloader.php(260): CodeIgniter\Autoloader\Autoloader->includeFile('APPPATH\\Controllers\\Test_controller.php')
 4 SYSTEMPATH\Autoloader\Autoloader.php(238): CodeIgniter\Autoloader\Autoloader->loadInNamespace('App\\Controllers\\Test_controller')
 5 [internal function]: CodeIgniter\Autoloader\Autoloader->loadClass('App\\Controllers\\Test_controller')
 6 [internal function]: spl_autoload_call('App\\Controllers\\Test_controller')
 7 SYSTEMPATH\CodeIgniter.php(875): class_exists('\\App\\Controllers\\Test_controller', true)
 8 SYSTEMPATH\CodeIgniter.php(467): CodeIgniter\CodeIgniter->startController()
 9 SYSTEMPATH\CodeIgniter.php(349): CodeIgniter\CodeIgniter->handleRequest(null, Object(Config\Cache), false)
10 FCPATH\index.php(67): CodeIgniter\CodeIgniter->run()
CRITICAL - 2023-01-18 21:39:13 --> localhost is not a valid database connection group.
in SYSTEMPATH\Database\Config.php on line 70.
 1 SYSTEMPATH\Common.php(350): CodeIgniter\Database\Config::connect('localhost', true)
 2 APPPATH\Controllers\Test_controller.php(15): db_connect('localhost')
 3 SYSTEMPATH\CodeIgniter.php(925): App\Controllers\Test_controller->index()
 4 SYSTEMPATH\CodeIgniter.php(480): CodeIgniter\CodeIgniter->runController(Object(App\Controllers\Test_controller))
 5 SYSTEMPATH\CodeIgniter.php(349): CodeIgniter\CodeIgniter->handleRequest(null, Object(Config\Cache), false)
 6 FCPATH\index.php(67): CodeIgniter\CodeIgniter->run()
CRITICAL - 2023-01-18 21:39:23 --> Undefined variable: db
in APPPATH\Controllers\Test_controller.php on line 15.
 1 APPPATH\Controllers\Test_controller.php(15): CodeIgniter\Debug\Exceptions->errorHandler(8, 'Undefined variable: db', 'APPPATH\\Controllers\\Test_controller.php', 15, [...])
 2 SYSTEMPATH\CodeIgniter.php(925): App\Controllers\Test_controller->index()
 3 SYSTEMPATH\CodeIgniter.php(480): CodeIgniter\CodeIgniter->runController(Object(App\Controllers\Test_controller))
 4 SYSTEMPATH\CodeIgniter.php(349): CodeIgniter\CodeIgniter->handleRequest(null, Object(Config\Cache), false)
 5 FCPATH\index.php(67): CodeIgniter\CodeIgniter->run()
CRITICAL - 2023-01-18 21:39:44 --> Call to undefined method CodeIgniter\HTTP\IncomingRequest::get()
in APPPATH\Controllers\Test_controller.php on line 29.
 1 SYSTEMPATH\CodeIgniter.php(925): App\Controllers\Test_controller->index()
 2 SYSTEMPATH\CodeIgniter.php(480): CodeIgniter\CodeIgniter->runController(Object(App\Controllers\Test_controller))
 3 SYSTEMPATH\CodeIgniter.php(349): CodeIgniter\CodeIgniter->handleRequest(null, Object(Config\Cache), false)
 4 FCPATH\index.php(67): CodeIgniter\CodeIgniter->run()
CRITICAL - 2023-01-18 21:41:32 --> Undefined variable: builder
in APPPATH\Controllers\Test_controller.php on line 35.
 1 APPPATH\Controllers\Test_controller.php(35): CodeIgniter\Debug\Exceptions->errorHandler(8, 'Undefined variable: builder', 'APPPATH\\Controllers\\Test_controller.php', 35, [...])
 2 SYSTEMPATH\CodeIgniter.php(925): App\Controllers\Test_controller->index()
 3 SYSTEMPATH\CodeIgniter.php(480): CodeIgniter\CodeIgniter->runController(Object(App\Controllers\Test_controller))
 4 SYSTEMPATH\CodeIgniter.php(349): CodeIgniter\CodeIgniter->handleRequest(null, Object(Config\Cache), false)
 5 FCPATH\index.php(67): CodeIgniter\CodeIgniter->run()
CRITICAL - 2023-01-18 21:43:15 --> Call to undefined method App\Controllers\Test_controller::insert()
in APPPATH\Controllers\Test_controller.php on line 43.
 1 SYSTEMPATH\Autoloader\Autoloader.php(283): include_once()
 2 SYSTEMPATH\Autoloader\Autoloader.php(260): CodeIgniter\Autoloader\Autoloader->includeFile('APPPATH\\Controllers\\Test_controller.php')
 3 SYSTEMPATH\Autoloader\Autoloader.php(238): CodeIgniter\Autoloader\Autoloader->loadInNamespace('App\\Controllers\\Test_controller')
 4 [internal function]: CodeIgniter\Autoloader\Autoloader->loadClass('App\\Controllers\\Test_controller')
 5 [internal function]: spl_autoload_call('App\\Controllers\\Test_controller')
 6 SYSTEMPATH\CodeIgniter.php(875): class_exists('\\App\\Controllers\\Test_controller', true)
 7 SYSTEMPATH\CodeIgniter.php(467): CodeIgniter\CodeIgniter->startController()
 8 SYSTEMPATH\CodeIgniter.php(349): CodeIgniter\CodeIgniter->handleRequest(null, Object(Config\Cache), false)
 9 FCPATH\index.php(67): CodeIgniter\CodeIgniter->run()
CRITICAL - 2023-01-18 21:56:50 --> Undefined variable: influencer_id
in APPPATH\Controllers\Test_controller.php on line 31.
 1 APPPATH\Controllers\Test_controller.php(31): CodeIgniter\Debug\Exceptions->errorHandler(8, 'Undefined variable: influencer_id', 'APPPATH\\Controllers\\Test_controller.php', 31, [...])
 2 SYSTEMPATH\CodeIgniter.php(925): App\Controllers\Test_controller->index()
 3 SYSTEMPATH\CodeIgniter.php(480): CodeIgniter\CodeIgniter->runController(Object(App\Controllers\Test_controller))
 4 SYSTEMPATH\CodeIgniter.php(349): CodeIgniter\CodeIgniter->handleRequest(null, Object(Config\Cache), false)
 5 FCPATH\index.php(67): CodeIgniter\CodeIgniter->run()
ERROR - 2023-01-18 22:00:48 --> mysqli_sql_exception: Operand should contain 1 column(s) in C:\xampp\htdocs\intern\system\Database\MySQLi\Connection.php:292
Stack trace:
#0 C:\xampp\htdocs\intern\system\Database\MySQLi\Connection.php(292): mysqli->query('INSERT INTO `ch...', 0)
#1 C:\xampp\htdocs\intern\system\Database\BaseConnection.php(666): CodeIgniter\Database\MySQLi\Connection->execute('INSERT INTO `ch...')
#2 C:\xampp\htdocs\intern\system\Database\BaseConnection.php(593): CodeIgniter\Database\BaseConnection->simpleQuery('INSERT INTO `ch...')
#3 C:\xampp\htdocs\intern\system\Database\BaseBuilder.php(1916): CodeIgniter\Database\BaseConnection->query('INSERT INTO `ch...', Array, false)
#4 C:\xampp\htdocs\intern\app\Controllers\Test_controller.php(39): CodeIgniter\Database\BaseBuilder->insert(Array)
#5 C:\xampp\htdocs\intern\system\CodeIgniter.php(925): App\Controllers\Test_controller->index()
#6 C:\xampp\htdocs\intern\system\CodeIgniter.php(480): CodeIgniter\CodeIgniter->runController(Object(App\Controllers\Test_controller))
#7 C:\xampp\htdocs\intern\system\CodeIgniter.php(349): CodeIgniter\CodeIgniter->handleRequest(NULL, Object(Config\Cache), false)
#8 C:\xampp\htdocs\intern\public\index.php(67): CodeIgniter\CodeIgniter->run()
#9 {main}
CRITICAL - 2023-01-18 22:00:48 --> Operand should contain 1 column(s)
in SYSTEMPATH\Database\MySQLi\Connection.php on line 292.
 1 SYSTEMPATH\Database\MySQLi\Connection.php(292): mysqli->query('INSERT INTO `check_dup` (`influencer`, `network`, `id_post_unique`, `id_post_count`) VALUES (\'108041\', \'twitter\', (1558122787880837120,1557328669864955905,1557316237797244928,1556510380670693381,1556224409903370246,1556025129385488384,1555888558246096897,1555742863576956929,1555483768797818882,1555483622127255552,1555463295850536961,1555066569419460609,1555064766665633792,1555063947580952576,1554784396506320896,1554784076262825984,1554746284971417601,1554728465399590912,1554728001593413632,1554718423380152320), 20)', 0)
 2 SYSTEMPATH\Database\BaseConnection.php(666): CodeIgniter\Database\MySQLi\Connection->execute('INSERT INTO `check_dup` (`influencer`, `network`, `id_post_unique`, `id_post_count`) VALUES (\'108041\', \'twitter\', (1558122787880837120,1557328669864955905,1557316237797244928,1556510380670693381,1556224409903370246,1556025129385488384,1555888558246096897,1555742863576956929,1555483768797818882,1555483622127255552,1555463295850536961,1555066569419460609,1555064766665633792,1555063947580952576,1554784396506320896,1554784076262825984,1554746284971417601,1554728465399590912,1554728001593413632,1554718423380152320), 20)')
 3 SYSTEMPATH\Database\BaseConnection.php(593): CodeIgniter\Database\BaseConnection->simpleQuery('INSERT INTO `check_dup` (`influencer`, `network`, `id_post_unique`, `id_post_count`) VALUES (\'108041\', \'twitter\', (1558122787880837120,1557328669864955905,1557316237797244928,1556510380670693381,1556224409903370246,1556025129385488384,1555888558246096897,1555742863576956929,1555483768797818882,1555483622127255552,1555463295850536961,1555066569419460609,1555064766665633792,1555063947580952576,1554784396506320896,1554784076262825984,1554746284971417601,1554728465399590912,1554728001593413632,1554718423380152320), 20)')
 4 SYSTEMPATH\Database\BaseBuilder.php(1916): CodeIgniter\Database\BaseConnection->query('INSERT INTO `check_dup` (`influencer`, `network`, `id_post_unique`, `id_post_count`) VALUES (:influencer:, :network:, :id_post_unique:, :id_post_count:)', [...], false)
 5 APPPATH\Controllers\Test_controller.php(39): CodeIgniter\Database\BaseBuilder->insert([...])
 6 SYSTEMPATH\CodeIgniter.php(925): App\Controllers\Test_controller->index()
 7 SYSTEMPATH\CodeIgniter.php(480): CodeIgniter\CodeIgniter->runController(Object(App\Controllers\Test_controller))
 8 SYSTEMPATH\CodeIgniter.php(349): CodeIgniter\CodeIgniter->handleRequest(null, Object(Config\Cache), false)
 9 FCPATH\index.php(67): CodeIgniter\CodeIgniter->run()
ERROR - 2023-01-18 22:01:24 --> mysqli_sql_exception: Operand should contain 1 column(s) in C:\xampp\htdocs\intern\system\Database\MySQLi\Connection.php:292
Stack trace:
#0 C:\xampp\htdocs\intern\system\Database\MySQLi\Connection.php(292): mysqli->query('INSERT INTO `ch...', 0)
#1 C:\xampp\htdocs\intern\system\Database\BaseConnection.php(666): CodeIgniter\Database\MySQLi\Connection->execute('INSERT INTO `ch...')
#2 C:\xampp\htdocs\intern\system\Database\BaseConnection.php(593): CodeIgniter\Database\BaseConnection->simpleQuery('INSERT INTO `ch...')
#3 C:\xampp\htdocs\intern\system\Database\BaseBuilder.php(1916): CodeIgniter\Database\BaseConnection->query('INSERT INTO `ch...', Array, false)
#4 C:\xampp\htdocs\intern\app\Controllers\Test_controller.php(39): CodeIgniter\Database\BaseBuilder->insert(Array)
#5 C:\xampp\htdocs\intern\system\CodeIgniter.php(925): App\Controllers\Test_controller->index()
#6 C:\xampp\htdocs\intern\system\CodeIgniter.php(480): CodeIgniter\CodeIgniter->runController(Object(App\Controllers\Test_controller))
#7 C:\xampp\htdocs\intern\system\CodeIgniter.php(349): CodeIgniter\CodeIgniter->handleRequest(NULL, Object(Config\Cache), false)
#8 C:\xampp\htdocs\intern\public\index.php(67): CodeIgniter\CodeIgniter->run()
#9 {main}
CRITICAL - 2023-01-18 22:01:24 --> Operand should contain 1 column(s)
in SYSTEMPATH\Database\MySQLi\Connection.php on line 292.
 1 SYSTEMPATH\Database\MySQLi\Connection.php(292): mysqli->query('INSERT INTO `check_dup` (`influencer`, `network`, `id_post_unique`, `id_post_count`) VALUES (\'108041\', \'twitter\', (1558122787880837120,1557328669864955905,1557316237797244928,1556510380670693381,1556224409903370246,1556025129385488384,1555888558246096897,1555742863576956929,1555483768797818882,1555483622127255552,1555463295850536961,1555066569419460609,1555064766665633792,1555063947580952576,1554784396506320896,1554784076262825984,1554746284971417601,1554728465399590912,1554728001593413632,1554718423380152320), 20)', 0)
 2 SYSTEMPATH\Database\BaseConnection.php(666): CodeIgniter\Database\MySQLi\Connection->execute('INSERT INTO `check_dup` (`influencer`, `network`, `id_post_unique`, `id_post_count`) VALUES (\'108041\', \'twitter\', (1558122787880837120,1557328669864955905,1557316237797244928,1556510380670693381,1556224409903370246,1556025129385488384,1555888558246096897,1555742863576956929,1555483768797818882,1555483622127255552,1555463295850536961,1555066569419460609,1555064766665633792,1555063947580952576,1554784396506320896,1554784076262825984,1554746284971417601,1554728465399590912,1554728001593413632,1554718423380152320), 20)')
 3 SYSTEMPATH\Database\BaseConnection.php(593): CodeIgniter\Database\BaseConnection->simpleQuery('INSERT INTO `check_dup` (`influencer`, `network`, `id_post_unique`, `id_post_count`) VALUES (\'108041\', \'twitter\', (1558122787880837120,1557328669864955905,1557316237797244928,1556510380670693381,1556224409903370246,1556025129385488384,1555888558246096897,1555742863576956929,1555483768797818882,1555483622127255552,1555463295850536961,1555066569419460609,1555064766665633792,1555063947580952576,1554784396506320896,1554784076262825984,1554746284971417601,1554728465399590912,1554728001593413632,1554718423380152320), 20)')
 4 SYSTEMPATH\Database\BaseBuilder.php(1916): CodeIgniter\Database\BaseConnection->query('INSERT INTO `check_dup` (`influencer`, `network`, `id_post_unique`, `id_post_count`) VALUES (:influencer:, :network:, :id_post_unique:, :id_post_count:)', [...], false)
 5 APPPATH\Controllers\Test_controller.php(39): CodeIgniter\Database\BaseBuilder->insert([...])
 6 SYSTEMPATH\CodeIgniter.php(925): App\Controllers\Test_controller->index()
 7 SYSTEMPATH\CodeIgniter.php(480): CodeIgniter\CodeIgniter->runController(Object(App\Controllers\Test_controller))
 8 SYSTEMPATH\CodeIgniter.php(349): CodeIgniter\CodeIgniter->handleRequest(null, Object(Config\Cache), false)
 9 FCPATH\index.php(67): CodeIgniter\CodeIgniter->run()
ERROR - 2023-01-18 22:01:48 --> mysqli_sql_exception: Operand should contain 1 column(s) in C:\xampp\htdocs\intern\system\Database\MySQLi\Connection.php:292
Stack trace:
#0 C:\xampp\htdocs\intern\system\Database\MySQLi\Connection.php(292): mysqli->query('INSERT INTO `ch...', 0)
#1 C:\xampp\htdocs\intern\system\Database\BaseConnection.php(666): CodeIgniter\Database\MySQLi\Connection->execute('INSERT INTO `ch...')
#2 C:\xampp\htdocs\intern\system\Database\BaseConnection.php(593): CodeIgniter\Database\BaseConnection->simpleQuery('INSERT INTO `ch...')
#3 C:\xampp\htdocs\intern\system\Database\BaseBuilder.php(1916): CodeIgniter\Database\BaseConnection->query('INSERT INTO `ch...', Array, false)
#4 C:\xampp\htdocs\intern\app\Controllers\Test_controller.php(39): CodeIgniter\Database\BaseBuilder->insert(Array)
#5 C:\xampp\htdocs\intern\system\CodeIgniter.php(925): App\Controllers\Test_controller->index()
#6 C:\xampp\htdocs\intern\system\CodeIgniter.php(480): CodeIgniter\CodeIgniter->runController(Object(App\Controllers\Test_controller))
#7 C:\xampp\htdocs\intern\system\CodeIgniter.php(349): CodeIgniter\CodeIgniter->handleRequest(NULL, Object(Config\Cache), false)
#8 C:\xampp\htdocs\intern\public\index.php(67): CodeIgniter\CodeIgniter->run()
#9 {main}
CRITICAL - 2023-01-18 22:01:48 --> Operand should contain 1 column(s)
in SYSTEMPATH\Database\MySQLi\Connection.php on line 292.
 1 SYSTEMPATH\Database\MySQLi\Connection.php(292): mysqli->query('INSERT INTO `check_dup` (`influencer`, `network`, `id_post_unique`, `id_post_count`) VALUES (\'108041\', \'twitter\', (1558122787880837120,1557328669864955905,1557316237797244928,1556510380670693381,1556224409903370246,1556025129385488384,1555888558246096897,1555742863576956929,1555483768797818882,1555483622127255552,1555463295850536961,1555066569419460609,1555064766665633792,1555063947580952576,1554784396506320896,1554784076262825984,1554746284971417601,1554728465399590912,1554728001593413632,1554718423380152320), 20)', 0)
 2 SYSTEMPATH\Database\BaseConnection.php(666): CodeIgniter\Database\MySQLi\Connection->execute('INSERT INTO `check_dup` (`influencer`, `network`, `id_post_unique`, `id_post_count`) VALUES (\'108041\', \'twitter\', (1558122787880837120,1557328669864955905,1557316237797244928,1556510380670693381,1556224409903370246,1556025129385488384,1555888558246096897,1555742863576956929,1555483768797818882,1555483622127255552,1555463295850536961,1555066569419460609,1555064766665633792,1555063947580952576,1554784396506320896,1554784076262825984,1554746284971417601,1554728465399590912,1554728001593413632,1554718423380152320), 20)')
 3 SYSTEMPATH\Database\BaseConnection.php(593): CodeIgniter\Database\BaseConnection->simpleQuery('INSERT INTO `check_dup` (`influencer`, `network`, `id_post_unique`, `id_post_count`) VALUES (\'108041\', \'twitter\', (1558122787880837120,1557328669864955905,1557316237797244928,1556510380670693381,1556224409903370246,1556025129385488384,1555888558246096897,1555742863576956929,1555483768797818882,1555483622127255552,1555463295850536961,1555066569419460609,1555064766665633792,1555063947580952576,1554784396506320896,1554784076262825984,1554746284971417601,1554728465399590912,1554728001593413632,1554718423380152320), 20)')
 4 SYSTEMPATH\Database\BaseBuilder.php(1916): CodeIgniter\Database\BaseConnection->query('INSERT INTO `check_dup` (`influencer`, `network`, `id_post_unique`, `id_post_count`) VALUES (:influencer:, :network:, :id_post_unique:, :id_post_count:)', [...], false)
 5 APPPATH\Controllers\Test_controller.php(39): CodeIgniter\Database\BaseBuilder->insert([...])
 6 SYSTEMPATH\CodeIgniter.php(925): App\Controllers\Test_controller->index()
 7 SYSTEMPATH\CodeIgniter.php(480): CodeIgniter\CodeIgniter->runController(Object(App\Controllers\Test_controller))
 8 SYSTEMPATH\CodeIgniter.php(349): CodeIgniter\CodeIgniter->handleRequest(null, Object(Config\Cache), false)
 9 FCPATH\index.php(67): CodeIgniter\CodeIgniter->run()
CRITICAL - 2023-01-18 22:04:32 --> Call to undefined function App\Controllers\libraries()
in APPPATH\Controllers\Test_controller.php on line 31.
 1 SYSTEMPATH\CodeIgniter.php(925): App\Controllers\Test_controller->index()
 2 SYSTEMPATH\CodeIgniter.php(480): CodeIgniter\CodeIgniter->runController(Object(App\Controllers\Test_controller))
 3 SYSTEMPATH\CodeIgniter.php(349): CodeIgniter\CodeIgniter->handleRequest(null, Object(Config\Cache), false)
 4 FCPATH\index.php(67): CodeIgniter\CodeIgniter->run()
CRITICAL - 2023-01-18 22:04:38 --> Call to undefined function App\Controllers\librarie()
in APPPATH\Controllers\Test_controller.php on line 31.
 1 SYSTEMPATH\CodeIgniter.php(925): App\Controllers\Test_controller->index()
 2 SYSTEMPATH\CodeIgniter.php(480): CodeIgniter\CodeIgniter->runController(Object(App\Controllers\Test_controller))
 3 SYSTEMPATH\CodeIgniter.php(349): CodeIgniter\CodeIgniter->handleRequest(null, Object(Config\Cache), false)
 4 FCPATH\index.php(67): CodeIgniter\CodeIgniter->run()
ERROR - 2023-01-18 22:04:54 --> mysqli_sql_exception: Operand should contain 1 column(s) in C:\xampp\htdocs\intern\system\Database\MySQLi\Connection.php:292
Stack trace:
#0 C:\xampp\htdocs\intern\system\Database\MySQLi\Connection.php(292): mysqli->query('INSERT INTO `ch...', 0)
#1 C:\xampp\htdocs\intern\system\Database\BaseConnection.php(666): CodeIgniter\Database\MySQLi\Connection->execute('INSERT INTO `ch...')
#2 C:\xampp\htdocs\intern\system\Database\BaseConnection.php(593): CodeIgniter\Database\BaseConnection->simpleQuery('INSERT INTO `ch...')
#3 C:\xampp\htdocs\intern\system\Database\BaseBuilder.php(1916): CodeIgniter\Database\BaseConnection->query('INSERT INTO `ch...', Array, false)
#4 C:\xampp\htdocs\intern\app\Controllers\Test_controller.php(39): CodeIgniter\Database\BaseBuilder->insert(Array)
#5 C:\xampp\htdocs\intern\system\CodeIgniter.php(925): App\Controllers\Test_controller->index()
#6 C:\xampp\htdocs\intern\system\CodeIgniter.php(480): CodeIgniter\CodeIgniter->runController(Object(App\Controllers\Test_controller))
#7 C:\xampp\htdocs\intern\system\CodeIgniter.php(349): CodeIgniter\CodeIgniter->handleRequest(NULL, Object(Config\Cache), false)
#8 C:\xampp\htdocs\intern\public\index.php(67): CodeIgniter\CodeIgniter->run()
#9 {main}
CRITICAL - 2023-01-18 22:04:54 --> Operand should contain 1 column(s)
in SYSTEMPATH\Database\MySQLi\Connection.php on line 292.
 1 SYSTEMPATH\Database\MySQLi\Connection.php(292): mysqli->query('INSERT INTO `check_dup` (`influencer`, `network`, `id_post_unique`, `id_post_count`) VALUES (\'108041\', \'twitter\', (1558122787880837120,1557328669864955905,1557316237797244928,1556510380670693381,1556224409903370246,1556025129385488384,1555888558246096897,1555742863576956929,1555483768797818882,1555483622127255552,1555463295850536961,1555066569419460609,1555064766665633792,1555063947580952576,1554784396506320896,1554784076262825984,1554746284971417601,1554728465399590912,1554728001593413632,1554718423380152320), 20)', 0)
 2 SYSTEMPATH\Database\BaseConnection.php(666): CodeIgniter\Database\MySQLi\Connection->execute('INSERT INTO `check_dup` (`influencer`, `network`, `id_post_unique`, `id_post_count`) VALUES (\'108041\', \'twitter\', (1558122787880837120,1557328669864955905,1557316237797244928,1556510380670693381,1556224409903370246,1556025129385488384,1555888558246096897,1555742863576956929,1555483768797818882,1555483622127255552,1555463295850536961,1555066569419460609,1555064766665633792,1555063947580952576,1554784396506320896,1554784076262825984,1554746284971417601,1554728465399590912,1554728001593413632,1554718423380152320), 20)')
 3 SYSTEMPATH\Database\BaseConnection.php(593): CodeIgniter\Database\BaseConnection->simpleQuery('INSERT INTO `check_dup` (`influencer`, `network`, `id_post_unique`, `id_post_count`) VALUES (\'108041\', \'twitter\', (1558122787880837120,1557328669864955905,1557316237797244928,1556510380670693381,1556224409903370246,1556025129385488384,1555888558246096897,1555742863576956929,1555483768797818882,1555483622127255552,1555463295850536961,1555066569419460609,1555064766665633792,1555063947580952576,1554784396506320896,1554784076262825984,1554746284971417601,1554728465399590912,1554728001593413632,1554718423380152320), 20)')
 4 SYSTEMPATH\Database\BaseBuilder.php(1916): CodeIgniter\Database\BaseConnection->query('INSERT INTO `check_dup` (`influencer`, `network`, `id_post_unique`, `id_post_count`) VALUES (:influencer:, :network:, :id_post_unique:, :id_post_count:)', [...], false)
 5 APPPATH\Controllers\Test_controller.php(39): CodeIgniter\Database\BaseBuilder->insert([...])
 6 SYSTEMPATH\CodeIgniter.php(925): App\Controllers\Test_controller->index()
 7 SYSTEMPATH\CodeIgniter.php(480): CodeIgniter\CodeIgniter->runController(Object(App\Controllers\Test_controller))
 8 SYSTEMPATH\CodeIgniter.php(349): CodeIgniter\CodeIgniter->handleRequest(null, Object(Config\Cache), false)
 9 FCPATH\index.php(67): CodeIgniter\CodeIgniter->run()
CRITICAL - 2023-01-18 22:05:28 --> Array to string conversion
in APPPATH\Controllers\Test_controller.php on line 33.
 1 APPPATH\Controllers\Test_controller.php(33): CodeIgniter\Debug\Exceptions->errorHandler(8, 'Array to string conversion', 'APPPATH\\Controllers\\Test_controller.php', 33, [...])
 2 SYSTEMPATH\CodeIgniter.php(925): App\Controllers\Test_controller->index()
 3 SYSTEMPATH\CodeIgniter.php(480): CodeIgniter\CodeIgniter->runController(Object(App\Controllers\Test_controller))
 4 SYSTEMPATH\CodeIgniter.php(349): CodeIgniter\CodeIgniter->handleRequest(null, Object(Config\Cache), false)
 5 FCPATH\index.php(67): CodeIgniter\CodeIgniter->run()
CRITICAL - 2023-01-18 22:06:24 --> Array to string conversion
in APPPATH\Controllers\Test_controller.php on line 33.
 1 APPPATH\Controllers\Test_controller.php(33): CodeIgniter\Debug\Exceptions->errorHandler(8, 'Array to string conversion', 'APPPATH\\Controllers\\Test_controller.php', 33, [...])
 2 SYSTEMPATH\CodeIgniter.php(925): App\Controllers\Test_controller->index()
 3 SYSTEMPATH\CodeIgniter.php(480): CodeIgniter\CodeIgniter->runController(Object(App\Controllers\Test_controller))
 4 SYSTEMPATH\CodeIgniter.php(349): CodeIgniter\CodeIgniter->handleRequest(null, Object(Config\Cache), false)
 5 FCPATH\index.php(67): CodeIgniter\CodeIgniter->run()
CRITICAL - 2023-01-18 22:06:30 --> Array to string conversion
in APPPATH\Controllers\Test_controller.php on line 33.
 1 APPPATH\Controllers\Test_controller.php(33): CodeIgniter\Debug\Exceptions->errorHandler(8, 'Array to string conversion', 'APPPATH\\Controllers\\Test_controller.php', 33, [...])
 2 SYSTEMPATH\CodeIgniter.php(925): App\Controllers\Test_controller->index()
 3 SYSTEMPATH\CodeIgniter.php(480): CodeIgniter\CodeIgniter->runController(Object(App\Controllers\Test_controller))
 4 SYSTEMPATH\CodeIgniter.php(349): CodeIgniter\CodeIgniter->handleRequest(null, Object(Config\Cache), false)
 5 FCPATH\index.php(67): CodeIgniter\CodeIgniter->run()
CRITICAL - 2023-01-18 22:06:58 --> Array to string conversion
in APPPATH\Controllers\Test_controller.php on line 33.
 1 APPPATH\Controllers\Test_controller.php(33): CodeIgniter\Debug\Exceptions->errorHandler(8, 'Array to string conversion', 'APPPATH\\Controllers\\Test_controller.php', 33, [...])
 2 SYSTEMPATH\CodeIgniter.php(925): App\Controllers\Test_controller->index()
 3 SYSTEMPATH\CodeIgniter.php(480): CodeIgniter\CodeIgniter->runController(Object(App\Controllers\Test_controller))
 4 SYSTEMPATH\CodeIgniter.php(349): CodeIgniter\CodeIgniter->handleRequest(null, Object(Config\Cache), false)
 5 FCPATH\index.php(67): CodeIgniter\CodeIgniter->run()
ERROR - 2023-01-18 22:07:02 --> mysqli_sql_exception: Operand should contain 1 column(s) in C:\xampp\htdocs\intern\system\Database\MySQLi\Connection.php:292
Stack trace:
#0 C:\xampp\htdocs\intern\system\Database\MySQLi\Connection.php(292): mysqli->query('INSERT INTO `ch...', 0)
#1 C:\xampp\htdocs\intern\system\Database\BaseConnection.php(666): CodeIgniter\Database\MySQLi\Connection->execute('INSERT INTO `ch...')
#2 C:\xampp\htdocs\intern\system\Database\BaseConnection.php(593): CodeIgniter\Database\BaseConnection->simpleQuery('INSERT INTO `ch...')
#3 C:\xampp\htdocs\intern\system\Database\BaseBuilder.php(1916): CodeIgniter\Database\BaseConnection->query('INSERT INTO `ch...', Array, false)
#4 C:\xampp\htdocs\intern\app\Controllers\Test_controller.php(39): CodeIgniter\Database\BaseBuilder->insert(Array)
#5 C:\xampp\htdocs\intern\system\CodeIgniter.php(925): App\Controllers\Test_controller->index()
#6 C:\xampp\htdocs\intern\system\CodeIgniter.php(480): CodeIgniter\CodeIgniter->runController(Object(App\Controllers\Test_controller))
#7 C:\xampp\htdocs\intern\system\CodeIgniter.php(349): CodeIgniter\CodeIgniter->handleRequest(NULL, Object(Config\Cache), false)
#8 C:\xampp\htdocs\intern\public\index.php(67): CodeIgniter\CodeIgniter->run()
#9 {main}
CRITICAL - 2023-01-18 22:07:02 --> Operand should contain 1 column(s)
in SYSTEMPATH\Database\MySQLi\Connection.php on line 292.
 1 SYSTEMPATH\Database\MySQLi\Connection.php(292): mysqli->query('INSERT INTO `check_dup` (`influencer`, `network`, `id_post_unique`, `id_post_count`) VALUES (\'108041\', \'twitter\', (1558122787880837120,1557328669864955905,1557316237797244928,1556510380670693381,1556224409903370246,1556025129385488384,1555888558246096897,1555742863576956929,1555483768797818882,1555483622127255552,1555463295850536961,1555066569419460609,1555064766665633792,1555063947580952576,1554784396506320896,1554784076262825984,1554746284971417601,1554728465399590912,1554728001593413632,1554718423380152320), 20)', 0)
 2 SYSTEMPATH\Database\BaseConnection.php(666): CodeIgniter\Database\MySQLi\Connection->execute('INSERT INTO `check_dup` (`influencer`, `network`, `id_post_unique`, `id_post_count`) VALUES (\'108041\', \'twitter\', (1558122787880837120,1557328669864955905,1557316237797244928,1556510380670693381,1556224409903370246,1556025129385488384,1555888558246096897,1555742863576956929,1555483768797818882,1555483622127255552,1555463295850536961,1555066569419460609,1555064766665633792,1555063947580952576,1554784396506320896,1554784076262825984,1554746284971417601,1554728465399590912,1554728001593413632,1554718423380152320), 20)')
 3 SYSTEMPATH\Database\BaseConnection.php(593): CodeIgniter\Database\BaseConnection->simpleQuery('INSERT INTO `check_dup` (`influencer`, `network`, `id_post_unique`, `id_post_count`) VALUES (\'108041\', \'twitter\', (1558122787880837120,1557328669864955905,1557316237797244928,1556510380670693381,1556224409903370246,1556025129385488384,1555888558246096897,1555742863576956929,1555483768797818882,1555483622127255552,1555463295850536961,1555066569419460609,1555064766665633792,1555063947580952576,1554784396506320896,1554784076262825984,1554746284971417601,1554728465399590912,1554728001593413632,1554718423380152320), 20)')
 4 SYSTEMPATH\Database\BaseBuilder.php(1916): CodeIgniter\Database\BaseConnection->query('INSERT INTO `check_dup` (`influencer`, `network`, `id_post_unique`, `id_post_count`) VALUES (:influencer:, :network:, :id_post_unique:, :id_post_count:)', [...], false)
 5 APPPATH\Controllers\Test_controller.php(39): CodeIgniter\Database\BaseBuilder->insert([...])
 6 SYSTEMPATH\CodeIgniter.php(925): App\Controllers\Test_controller->index()
 7 SYSTEMPATH\CodeIgniter.php(480): CodeIgniter\CodeIgniter->runController(Object(App\Controllers\Test_controller))
 8 SYSTEMPATH\CodeIgniter.php(349): CodeIgniter\CodeIgniter->handleRequest(null, Object(Config\Cache), false)
 9 FCPATH\index.php(67): CodeIgniter\CodeIgniter->run()
CRITICAL - 2023-01-18 22:13:07 --> Call to undefined method CodeIgniter\HTTP\IncomingRequest::get()
in APPPATH\Controllers\Test_controller.php on line 33.
 1 SYSTEMPATH\CodeIgniter.php(925): App\Controllers\Test_controller->index()
 2 SYSTEMPATH\CodeIgniter.php(480): CodeIgniter\CodeIgniter->runController(Object(App\Controllers\Test_controller))
 3 SYSTEMPATH\CodeIgniter.php(349): CodeIgniter\CodeIgniter->handleRequest(null, Object(Config\Cache), false)
 4 FCPATH\index.php(67): CodeIgniter\CodeIgniter->run()
CRITICAL - 2023-01-18 22:13:18 --> Call to undefined method CodeIgniter\HTTP\IncomingRequest::get()
in APPPATH\Controllers\Test_controller.php on line 33.
 1 SYSTEMPATH\CodeIgniter.php(925): App\Controllers\Test_controller->index()
 2 SYSTEMPATH\CodeIgniter.php(480): CodeIgniter\CodeIgniter->runController(Object(App\Controllers\Test_controller))
 3 SYSTEMPATH\CodeIgniter.php(349): CodeIgniter\CodeIgniter->handleRequest(null, Object(Config\Cache), false)
 4 FCPATH\index.php(67): CodeIgniter\CodeIgniter->run()
CRITICAL - 2023-01-18 22:14:39 --> Call to a member function get() on null
in APPPATH\Controllers\Test_controller.php on line 34.
 1 SYSTEMPATH\CodeIgniter.php(925): App\Controllers\Test_controller->index()
 2 SYSTEMPATH\CodeIgniter.php(480): CodeIgniter\CodeIgniter->runController(Object(App\Controllers\Test_controller))
 3 SYSTEMPATH\CodeIgniter.php(349): CodeIgniter\CodeIgniter->handleRequest(null, Object(Config\Cache), false)
 4 FCPATH\index.php(67): CodeIgniter\CodeIgniter->run()
CRITICAL - 2023-01-18 22:15:12 --> Call to undefined method CodeIgniter\HTTP\IncomingRequest::get()
in APPPATH\Controllers\Test_controller.php on line 34.
 1 SYSTEMPATH\CodeIgniter.php(925): App\Controllers\Test_controller->index()
 2 SYSTEMPATH\CodeIgniter.php(480): CodeIgniter\CodeIgniter->runController(Object(App\Controllers\Test_controller))
 3 SYSTEMPATH\CodeIgniter.php(349): CodeIgniter\CodeIgniter->handleRequest(null, Object(Config\Cache), false)
 4 FCPATH\index.php(67): CodeIgniter\CodeIgniter->run()
CRITICAL - 2023-01-18 22:15:40 --> Call to a member function get() on null
in APPPATH\Controllers\Test_controller.php on line 34.
 1 SYSTEMPATH\CodeIgniter.php(925): App\Controllers\Test_controller->index()
 2 SYSTEMPATH\CodeIgniter.php(480): CodeIgniter\CodeIgniter->runController(Object(App\Controllers\Test_controller))
 3 SYSTEMPATH\CodeIgniter.php(349): CodeIgniter\CodeIgniter->handleRequest(null, Object(Config\Cache), false)
 4 FCPATH\index.php(67): CodeIgniter\CodeIgniter->run()
CRITICAL - 2023-01-18 22:18:48 --> Call to a member function get() on null
in APPPATH\Controllers\Test_controller.php on line 34.
 1 SYSTEMPATH\CodeIgniter.php(925): App\Controllers\Test_controller->index()
 2 SYSTEMPATH\CodeIgniter.php(480): CodeIgniter\CodeIgniter->runController(Object(App\Controllers\Test_controller))
 3 SYSTEMPATH\CodeIgniter.php(349): CodeIgniter\CodeIgniter->handleRequest(null, Object(Config\Cache), false)
 4 FCPATH\index.php(67): CodeIgniter\CodeIgniter->run()
CRITICAL - 2023-01-18 22:19:00 --> Call to a member function post() on null
in APPPATH\Controllers\Test_controller.php on line 34.
 1 SYSTEMPATH\CodeIgniter.php(925): App\Controllers\Test_controller->index()
 2 SYSTEMPATH\CodeIgniter.php(480): CodeIgniter\CodeIgniter->runController(Object(App\Controllers\Test_controller))
 3 SYSTEMPATH\CodeIgniter.php(349): CodeIgniter\CodeIgniter->handleRequest(null, Object(Config\Cache), false)
 4 FCPATH\index.php(67): CodeIgniter\CodeIgniter->run()
CRITICAL - 2023-01-18 22:20:38 --> Call to undefined method App\Controllers\Test_controller::_ci()
in APPPATH\Controllers\Test_controller.php on line 34.
 1 SYSTEMPATH\CodeIgniter.php(925): App\Controllers\Test_controller->index()
 2 SYSTEMPATH\CodeIgniter.php(480): CodeIgniter\CodeIgniter->runController(Object(App\Controllers\Test_controller))
 3 SYSTEMPATH\CodeIgniter.php(349): CodeIgniter\CodeIgniter->handleRequest(null, Object(Config\Cache), false)
 4 FCPATH\index.php(67): CodeIgniter\CodeIgniter->run()
CRITICAL - 2023-01-18 22:21:22 --> Call to a member function get() on null
in APPPATH\Controllers\Test_controller.php on line 34.
 1 SYSTEMPATH\CodeIgniter.php(925): App\Controllers\Test_controller->index()
 2 SYSTEMPATH\CodeIgniter.php(480): CodeIgniter\CodeIgniter->runController(Object(App\Controllers\Test_controller))
 3 SYSTEMPATH\CodeIgniter.php(349): CodeIgniter\CodeIgniter->handleRequest(null, Object(Config\Cache), false)
 4 FCPATH\index.php(67): CodeIgniter\CodeIgniter->run()
ERROR - 2023-01-18 22:23:12 --> mysqli_sql_exception: You have an error in your SQL syntax; check the manual that corresponds to your MariaDB server version for the right syntax to use near '0, 1, 2, 3) VALUES (:0:, :1:, :2:, :3:)' at line 1 in C:\xampp\htdocs\intern\system\Database\MySQLi\Connection.php:292
Stack trace:
#0 C:\xampp\htdocs\intern\system\Database\MySQLi\Connection.php(292): mysqli->query('INSERT INTO `ch...', 0)
#1 C:\xampp\htdocs\intern\system\Database\BaseConnection.php(666): CodeIgniter\Database\MySQLi\Connection->execute('INSERT INTO `ch...')
#2 C:\xampp\htdocs\intern\system\Database\BaseConnection.php(593): CodeIgniter\Database\BaseConnection->simpleQuery('INSERT INTO `ch...')
#3 C:\xampp\htdocs\intern\system\Database\BaseBuilder.php(1916): CodeIgniter\Database\BaseConnection->query('INSERT INTO `ch...', Array, false)
#4 C:\xampp\htdocs\intern\app\Controllers\Test_controller.php(40): CodeIgniter\Database\BaseBuilder->insert(Array)
#5 C:\xampp\htdocs\intern\system\CodeIgniter.php(925): App\Controllers\Test_controller->index()
#6 C:\xampp\htdocs\intern\system\CodeIgniter.php(480): CodeIgniter\CodeIgniter->runController(Object(App\Controllers\Test_controller))
#7 C:\xampp\htdocs\intern\system\CodeIgniter.php(349): CodeIgniter\CodeIgniter->handleRequest(NULL, Object(Config\Cache), false)
#8 C:\xampp\htdocs\intern\public\index.php(67): CodeIgniter\CodeIgniter->run()
#9 {main}
CRITICAL - 2023-01-18 22:23:12 --> You have an error in your SQL syntax; check the manual that corresponds to your MariaDB server version for the right syntax to use near '0, 1, 2, 3) VALUES (:0:, :1:, :2:, :3:)' at line 1
in SYSTEMPATH\Database\MySQLi\Connection.php on line 292.
 1 SYSTEMPATH\Database\MySQLi\Connection.php(292): mysqli->query('INSERT INTO `check_dup` (0, 1, 2, 3) VALUES (:0:, :1:, :2:, :3:)', 0)
 2 SYSTEMPATH\Database\BaseConnection.php(666): CodeIgniter\Database\MySQLi\Connection->execute('INSERT INTO `check_dup` (0, 1, 2, 3) VALUES (:0:, :1:, :2:, :3:)')
 3 SYSTEMPATH\Database\BaseConnection.php(593): CodeIgniter\Database\BaseConnection->simpleQuery('INSERT INTO `check_dup` (0, 1, 2, 3) VALUES (:0:, :1:, :2:, :3:)')
 4 SYSTEMPATH\Database\BaseBuilder.php(1916): CodeIgniter\Database\BaseConnection->query('INSERT INTO `check_dup` (0, 1, 2, 3) VALUES (:0:, :1:, :2:, :3:)', [...], false)
 5 APPPATH\Controllers\Test_controller.php(40): CodeIgniter\Database\BaseBuilder->insert([...])
 6 SYSTEMPATH\CodeIgniter.php(925): App\Controllers\Test_controller->index()
 7 SYSTEMPATH\CodeIgniter.php(480): CodeIgniter\CodeIgniter->runController(Object(App\Controllers\Test_controller))
 8 SYSTEMPATH\CodeIgniter.php(349): CodeIgniter\CodeIgniter->handleRequest(null, Object(Config\Cache), false)
 9 FCPATH\index.php(67): CodeIgniter\CodeIgniter->run()
CRITICAL - 2023-01-18 22:24:07 --> Call to a member function get() on null
in APPPATH\Controllers\Test_controller.php on line 34.
 1 SYSTEMPATH\CodeIgniter.php(925): App\Controllers\Test_controller->index()
 2 SYSTEMPATH\CodeIgniter.php(480): CodeIgniter\CodeIgniter->runController(Object(App\Controllers\Test_controller))
 3 SYSTEMPATH\CodeIgniter.php(349): CodeIgniter\CodeIgniter->handleRequest(null, Object(Config\Cache), false)
 4 FCPATH\index.php(67): CodeIgniter\CodeIgniter->run()
ERROR - 2023-01-18 22:26:14 --> mysqli_sql_exception: Unknown column 'influencer' in 'field list' in C:\xampp\htdocs\intern\system\Database\MySQLi\Connection.php:292
Stack trace:
#0 C:\xampp\htdocs\intern\system\Database\MySQLi\Connection.php(292): mysqli->query('INSERT INTO `ch...', 0)
#1 C:\xampp\htdocs\intern\system\Database\BaseConnection.php(666): CodeIgniter\Database\MySQLi\Connection->execute('INSERT INTO `ch...')
#2 C:\xampp\htdocs\intern\system\Database\BaseConnection.php(593): CodeIgniter\Database\BaseConnection->simpleQuery('INSERT INTO `ch...')
#3 C:\xampp\htdocs\intern\system\Database\BaseBuilder.php(1916): CodeIgniter\Database\BaseConnection->query('INSERT INTO `ch...', Array, false)
#4 C:\xampp\htdocs\intern\app\Controllers\Test_controller.php(40): CodeIgniter\Database\BaseBuilder->insert(Array)
#5 C:\xampp\htdocs\intern\system\CodeIgniter.php(925): App\Controllers\Test_controller->index()
#6 C:\xampp\htdocs\intern\system\CodeIgniter.php(480): CodeIgniter\CodeIgniter->runController(Object(App\Controllers\Test_controller))
#7 C:\xampp\htdocs\intern\system\CodeIgniter.php(349): CodeIgniter\CodeIgniter->handleRequest(NULL, Object(Config\Cache), false)
#8 C:\xampp\htdocs\intern\public\index.php(67): CodeIgniter\CodeIgniter->run()
#9 {main}
CRITICAL - 2023-01-18 22:26:15 --> Unknown column 'influencer' in 'field list'
in SYSTEMPATH\Database\MySQLi\Connection.php on line 292.
 1 SYSTEMPATH\Database\MySQLi\Connection.php(292): mysqli->query('INSERT INTO `check_dup` (`influencer`, `network`, `id_post_unique`, `id_post_count`) VALUES (\'1234\', \'facebook\', \'21311231\', \'32\')', 0)
 2 SYSTEMPATH\Database\BaseConnection.php(666): CodeIgniter\Database\MySQLi\Connection->execute('INSERT INTO `check_dup` (`influencer`, `network`, `id_post_unique`, `id_post_count`) VALUES (\'1234\', \'facebook\', \'21311231\', \'32\')')
 3 SYSTEMPATH\Database\BaseConnection.php(593): CodeIgniter\Database\BaseConnection->simpleQuery('INSERT INTO `check_dup` (`influencer`, `network`, `id_post_unique`, `id_post_count`) VALUES (\'1234\', \'facebook\', \'21311231\', \'32\')')
 4 SYSTEMPATH\Database\BaseBuilder.php(1916): CodeIgniter\Database\BaseConnection->query('INSERT INTO `check_dup` (`influencer`, `network`, `id_post_unique`, `id_post_count`) VALUES (:influencer:, :network:, :id_post_unique:, :id_post_count:)', [...], false)
 5 APPPATH\Controllers\Test_controller.php(40): CodeIgniter\Database\BaseBuilder->insert([...])
 6 SYSTEMPATH\CodeIgniter.php(925): App\Controllers\Test_controller->index()
 7 SYSTEMPATH\CodeIgniter.php(480): CodeIgniter\CodeIgniter->runController(Object(App\Controllers\Test_controller))
 8 SYSTEMPATH\CodeIgniter.php(349): CodeIgniter\CodeIgniter->handleRequest(null, Object(Config\Cache), false)
 9 FCPATH\index.php(67): CodeIgniter\CodeIgniter->run()
CRITICAL - 2023-01-18 22:27:54 --> Call to a member function get() on null
in APPPATH\Controllers\Test_controller.php on line 34.
 1 SYSTEMPATH\CodeIgniter.php(925): App\Controllers\Test_controller->index()
 2 SYSTEMPATH\CodeIgniter.php(480): CodeIgniter\CodeIgniter->runController(Object(App\Controllers\Test_controller))
 3 SYSTEMPATH\CodeIgniter.php(349): CodeIgniter\CodeIgniter->handleRequest(null, Object(Config\Cache), false)
 4 FCPATH\index.php(67): CodeIgniter\CodeIgniter->run()
ERROR - 2023-01-18 22:28:10 --> mysqli_sql_exception: Unknown column 'influencer' in 'field list' in C:\xampp\htdocs\intern\system\Database\MySQLi\Connection.php:292
Stack trace:
#0 C:\xampp\htdocs\intern\system\Database\MySQLi\Connection.php(292): mysqli->query('INSERT INTO `ch...', 0)
#1 C:\xampp\htdocs\intern\system\Database\BaseConnection.php(666): CodeIgniter\Database\MySQLi\Connection->execute('INSERT INTO `ch...')
#2 C:\xampp\htdocs\intern\system\Database\BaseConnection.php(593): CodeIgniter\Database\BaseConnection->simpleQuery('INSERT INTO `ch...')
#3 C:\xampp\htdocs\intern\system\Database\BaseBuilder.php(1916): CodeIgniter\Database\BaseConnection->query('INSERT INTO `ch...', Array, false)
#4 C:\xampp\htdocs\intern\app\Controllers\Test_controller.php(40): CodeIgniter\Database\BaseBuilder->insert(Array)
#5 C:\xampp\htdocs\intern\system\CodeIgniter.php(925): App\Controllers\Test_controller->index()
#6 C:\xampp\htdocs\intern\system\CodeIgniter.php(480): CodeIgniter\CodeIgniter->runController(Object(App\Controllers\Test_controller))
#7 C:\xampp\htdocs\intern\system\CodeIgniter.php(349): CodeIgniter\CodeIgniter->handleRequest(NULL, Object(Config\Cache), false)
#8 C:\xampp\htdocs\intern\public\index.php(67): CodeIgniter\CodeIgniter->run()
#9 {main}
CRITICAL - 2023-01-18 22:28:10 --> Unknown column 'influencer' in 'field list'
in SYSTEMPATH\Database\MySQLi\Connection.php on line 292.
 1 SYSTEMPATH\Database\MySQLi\Connection.php(292): mysqli->query('INSERT INTO `check_dup` (`influencer`, `network`, `id_post_unique`, `id_post_count`) VALUES (\'1233124\', \'facebook\', \'213112311231\', \'31\')', 0)
 2 SYSTEMPATH\Database\BaseConnection.php(666): CodeIgniter\Database\MySQLi\Connection->execute('INSERT INTO `check_dup` (`influencer`, `network`, `id_post_unique`, `id_post_count`) VALUES (\'1233124\', \'facebook\', \'213112311231\', \'31\')')
 3 SYSTEMPATH\Database\BaseConnection.php(593): CodeIgniter\Database\BaseConnection->simpleQuery('INSERT INTO `check_dup` (`influencer`, `network`, `id_post_unique`, `id_post_count`) VALUES (\'1233124\', \'facebook\', \'213112311231\', \'31\')')
 4 SYSTEMPATH\Database\BaseBuilder.php(1916): CodeIgniter\Database\BaseConnection->query('INSERT INTO `check_dup` (`influencer`, `network`, `id_post_unique`, `id_post_count`) VALUES (:influencer:, :network:, :id_post_unique:, :id_post_count:)', [...], false)
 5 APPPATH\Controllers\Test_controller.php(40): CodeIgniter\Database\BaseBuilder->insert([...])
 6 SYSTEMPATH\CodeIgniter.php(925): App\Controllers\Test_controller->index()
 7 SYSTEMPATH\CodeIgniter.php(480): CodeIgniter\CodeIgniter->runController(Object(App\Controllers\Test_controller))
 8 SYSTEMPATH\CodeIgniter.php(349): CodeIgniter\CodeIgniter->handleRequest(null, Object(Config\Cache), false)
 9 FCPATH\index.php(67): CodeIgniter\CodeIgniter->run()
ERROR - 2023-01-18 22:29:40 --> mysqli_sql_exception: Operand should contain 1 column(s) in C:\xampp\htdocs\intern\system\Database\MySQLi\Connection.php:292
Stack trace:
#0 C:\xampp\htdocs\intern\system\Database\MySQLi\Connection.php(292): mysqli->query('INSERT INTO `ch...', 0)
#1 C:\xampp\htdocs\intern\system\Database\BaseConnection.php(666): CodeIgniter\Database\MySQLi\Connection->execute('INSERT INTO `ch...')
#2 C:\xampp\htdocs\intern\system\Database\BaseConnection.php(593): CodeIgniter\Database\BaseConnection->simpleQuery('INSERT INTO `ch...')
#3 C:\xampp\htdocs\intern\system\Database\BaseBuilder.php(1916): CodeIgniter\Database\BaseConnection->query('INSERT INTO `ch...', Array, false)
#4 C:\xampp\htdocs\intern\app\Controllers\Test_controller.php(40): CodeIgniter\Database\BaseBuilder->insert(Array)
#5 C:\xampp\htdocs\intern\system\CodeIgniter.php(925): App\Controllers\Test_controller->index()
#6 C:\xampp\htdocs\intern\system\CodeIgniter.php(480): CodeIgniter\CodeIgniter->runController(Object(App\Controllers\Test_controller))
#7 C:\xampp\htdocs\intern\system\CodeIgniter.php(349): CodeIgniter\CodeIgniter->handleRequest(NULL, Object(Config\Cache), false)
#8 C:\xampp\htdocs\intern\public\index.php(67): CodeIgniter\CodeIgniter->run()
#9 {main}
CRITICAL - 2023-01-18 22:29:40 --> Operand should contain 1 column(s)
in SYSTEMPATH\Database\MySQLi\Connection.php on line 292.
 1 SYSTEMPATH\Database\MySQLi\Connection.php(292): mysqli->query('INSERT INTO `check_dup` (`influencer_id`, `network`, `id_post_unique`, `id_post_count`) VALUES (\'108041\', \'twitter\', (1558122787880837120,1557328669864955905,1557316237797244928,1556510380670693381,1556224409903370246,1556025129385488384,1555888558246096897,1555742863576956929,1555483768797818882,1555483622127255552,1555463295850536961,1555066569419460609,1555064766665633792,1555063947580952576,1554784396506320896,1554784076262825984,1554746284971417601,1554728465399590912,1554728001593413632,1554718423380152320), 20)', 0)
 2 SYSTEMPATH\Database\BaseConnection.php(666): CodeIgniter\Database\MySQLi\Connection->execute('INSERT INTO `check_dup` (`influencer_id`, `network`, `id_post_unique`, `id_post_count`) VALUES (\'108041\', \'twitter\', (1558122787880837120,1557328669864955905,1557316237797244928,1556510380670693381,1556224409903370246,1556025129385488384,1555888558246096897,1555742863576956929,1555483768797818882,1555483622127255552,1555463295850536961,1555066569419460609,1555064766665633792,1555063947580952576,1554784396506320896,1554784076262825984,1554746284971417601,1554728465399590912,1554728001593413632,1554718423380152320), 20)')
 3 SYSTEMPATH\Database\BaseConnection.php(593): CodeIgniter\Database\BaseConnection->simpleQuery('INSERT INTO `check_dup` (`influencer_id`, `network`, `id_post_unique`, `id_post_count`) VALUES (\'108041\', \'twitter\', (1558122787880837120,1557328669864955905,1557316237797244928,1556510380670693381,1556224409903370246,1556025129385488384,1555888558246096897,1555742863576956929,1555483768797818882,1555483622127255552,1555463295850536961,1555066569419460609,1555064766665633792,1555063947580952576,1554784396506320896,1554784076262825984,1554746284971417601,1554728465399590912,1554728001593413632,1554718423380152320), 20)')
 4 SYSTEMPATH\Database\BaseBuilder.php(1916): CodeIgniter\Database\BaseConnection->query('INSERT INTO `check_dup` (`influencer_id`, `network`, `id_post_unique`, `id_post_count`) VALUES (:influencer_id:, :network:, :id_post_unique:, :id_post_count:)', [...], false)
 5 APPPATH\Controllers\Test_controller.php(40): CodeIgniter\Database\BaseBuilder->insert([...])
 6 SYSTEMPATH\CodeIgniter.php(925): App\Controllers\Test_controller->index()
 7 SYSTEMPATH\CodeIgniter.php(480): CodeIgniter\CodeIgniter->runController(Object(App\Controllers\Test_controller))
 8 SYSTEMPATH\CodeIgniter.php(349): CodeIgniter\CodeIgniter->handleRequest(null, Object(Config\Cache), false)
 9 FCPATH\index.php(67): CodeIgniter\CodeIgniter->run()
CRITICAL - 2023-01-18 22:30:15 --> Undefined variable: influencer_id
in APPPATH\Controllers\Test_controller.php on line 34.
 1 APPPATH\Controllers\Test_controller.php(34): CodeIgniter\Debug\Exceptions->errorHandler(8, 'Undefined variable: influencer_id', 'APPPATH\\Controllers\\Test_controller.php', 34, [...])
 2 SYSTEMPATH\CodeIgniter.php(925): App\Controllers\Test_controller->index()
 3 SYSTEMPATH\CodeIgniter.php(480): CodeIgniter\CodeIgniter->runController(Object(App\Controllers\Test_controller))
 4 SYSTEMPATH\CodeIgniter.php(349): CodeIgniter\CodeIgniter->handleRequest(null, Object(Config\Cache), false)
 5 FCPATH\index.php(67): CodeIgniter\CodeIgniter->run()
ERROR - 2023-01-18 22:30:55 --> mysqli_sql_exception: Operand should contain 1 column(s) in C:\xampp\htdocs\intern\system\Database\MySQLi\Connection.php:292
Stack trace:
#0 C:\xampp\htdocs\intern\system\Database\MySQLi\Connection.php(292): mysqli->query('INSERT INTO `ch...', 0)
#1 C:\xampp\htdocs\intern\system\Database\BaseConnection.php(666): CodeIgniter\Database\MySQLi\Connection->execute('INSERT INTO `ch...')
#2 C:\xampp\htdocs\intern\system\Database\BaseConnection.php(593): CodeIgniter\Database\BaseConnection->simpleQuery('INSERT INTO `ch...')
#3 C:\xampp\htdocs\intern\system\Database\BaseBuilder.php(1916): CodeIgniter\Database\BaseConnection->query('INSERT INTO `ch...', Array, false)
#4 C:\xampp\htdocs\intern\app\Controllers\Test_controller.php(40): CodeIgniter\Database\BaseBuilder->insert(Array)
#5 C:\xampp\htdocs\intern\system\CodeIgniter.php(925): App\Controllers\Test_controller->index()
#6 C:\xampp\htdocs\intern\system\CodeIgniter.php(480): CodeIgniter\CodeIgniter->runController(Object(App\Controllers\Test_controller))
#7 C:\xampp\htdocs\intern\system\CodeIgniter.php(349): CodeIgniter\CodeIgniter->handleRequest(NULL, Object(Config\Cache), false)
#8 C:\xampp\htdocs\intern\public\index.php(67): CodeIgniter\CodeIgniter->run()
#9 {main}
CRITICAL - 2023-01-18 22:30:55 --> Operand should contain 1 column(s)
in SYSTEMPATH\Database\MySQLi\Connection.php on line 292.
 1 SYSTEMPATH\Database\MySQLi\Connection.php(292): mysqli->query('INSERT INTO `check_dup` (`influencer_id`, `network`, `id_post_unique`, `id_post_count`) VALUES (\'108041\', \'twitter\', (1558122787880837120,1557328669864955905,1557316237797244928,1556510380670693381,1556224409903370246,1556025129385488384,1555888558246096897,1555742863576956929,1555483768797818882,1555483622127255552,1555463295850536961,1555066569419460609,1555064766665633792,1555063947580952576,1554784396506320896,1554784076262825984,1554746284971417601,1554728465399590912,1554728001593413632,1554718423380152320), 20)', 0)
 2 SYSTEMPATH\Database\BaseConnection.php(666): CodeIgniter\Database\MySQLi\Connection->execute('INSERT INTO `check_dup` (`influencer_id`, `network`, `id_post_unique`, `id_post_count`) VALUES (\'108041\', \'twitter\', (1558122787880837120,1557328669864955905,1557316237797244928,1556510380670693381,1556224409903370246,1556025129385488384,1555888558246096897,1555742863576956929,1555483768797818882,1555483622127255552,1555463295850536961,1555066569419460609,1555064766665633792,1555063947580952576,1554784396506320896,1554784076262825984,1554746284971417601,1554728465399590912,1554728001593413632,1554718423380152320), 20)')
 3 SYSTEMPATH\Database\BaseConnection.php(593): CodeIgniter\Database\BaseConnection->simpleQuery('INSERT INTO `check_dup` (`influencer_id`, `network`, `id_post_unique`, `id_post_count`) VALUES (\'108041\', \'twitter\', (1558122787880837120,1557328669864955905,1557316237797244928,1556510380670693381,1556224409903370246,1556025129385488384,1555888558246096897,1555742863576956929,1555483768797818882,1555483622127255552,1555463295850536961,1555066569419460609,1555064766665633792,1555063947580952576,1554784396506320896,1554784076262825984,1554746284971417601,1554728465399590912,1554728001593413632,1554718423380152320), 20)')
 4 SYSTEMPATH\Database\BaseBuilder.php(1916): CodeIgniter\Database\BaseConnection->query('INSERT INTO `check_dup` (`influencer_id`, `network`, `id_post_unique`, `id_post_count`) VALUES (:influencer_id:, :network:, :id_post_unique:, :id_post_count:)', [...], false)
 5 APPPATH\Controllers\Test_controller.php(40): CodeIgniter\Database\BaseBuilder->insert([...])
 6 SYSTEMPATH\CodeIgniter.php(925): App\Controllers\Test_controller->index()
 7 SYSTEMPATH\CodeIgniter.php(480): CodeIgniter\CodeIgniter->runController(Object(App\Controllers\Test_controller))
 8 SYSTEMPATH\CodeIgniter.php(349): CodeIgniter\CodeIgniter->handleRequest(null, Object(Config\Cache), false)
 9 FCPATH\index.php(67): CodeIgniter\CodeIgniter->run()
ERROR - 2023-01-18 22:33:55 --> mysqli_sql_exception: Operand should contain 1 column(s) in C:\xampp\htdocs\intern\system\Database\MySQLi\Connection.php:292
Stack trace:
#0 C:\xampp\htdocs\intern\system\Database\MySQLi\Connection.php(292): mysqli->query('INSERT INTO `ch...', 0)
#1 C:\xampp\htdocs\intern\system\Database\BaseConnection.php(666): CodeIgniter\Database\MySQLi\Connection->execute('INSERT INTO `ch...')
#2 C:\xampp\htdocs\intern\system\Database\BaseConnection.php(593): CodeIgniter\Database\BaseConnection->simpleQuery('INSERT INTO `ch...')
#3 C:\xampp\htdocs\intern\system\Database\BaseBuilder.php(1916): CodeIgniter\Database\BaseConnection->query('INSERT INTO `ch...', Array, false)
#4 C:\xampp\htdocs\intern\app\Controllers\Test_controller.php(40): CodeIgniter\Database\BaseBuilder->insert(Array)
#5 C:\xampp\htdocs\intern\system\CodeIgniter.php(925): App\Controllers\Test_controller->index()
#6 C:\xampp\htdocs\intern\system\CodeIgniter.php(480): CodeIgniter\CodeIgniter->runController(Object(App\Controllers\Test_controller))
#7 C:\xampp\htdocs\intern\system\CodeIgniter.php(349): CodeIgniter\CodeIgniter->handleRequest(NULL, Object(Config\Cache), false)
#8 C:\xampp\htdocs\intern\public\index.php(67): CodeIgniter\CodeIgniter->run()
#9 {main}
CRITICAL - 2023-01-18 22:33:55 --> Operand should contain 1 column(s)
in SYSTEMPATH\Database\MySQLi\Connection.php on line 292.
 1 SYSTEMPATH\Database\MySQLi\Connection.php(292): mysqli->query('INSERT INTO `check_dup` (`influencer_id`, `network`, `id_post_unique`) VALUES (\'108041\', \'twitter\', (1558122787880837120,1557328669864955905,1557316237797244928,1556510380670693381,1556224409903370246,1556025129385488384,1555888558246096897,1555742863576956929,1555483768797818882,1555483622127255552,1555463295850536961,1555066569419460609,1555064766665633792,1555063947580952576,1554784396506320896,1554784076262825984,1554746284971417601,1554728465399590912,1554728001593413632,1554718423380152320))', 0)
 2 SYSTEMPATH\Database\BaseConnection.php(666): CodeIgniter\Database\MySQLi\Connection->execute('INSERT INTO `check_dup` (`influencer_id`, `network`, `id_post_unique`) VALUES (\'108041\', \'twitter\', (1558122787880837120,1557328669864955905,1557316237797244928,1556510380670693381,1556224409903370246,1556025129385488384,1555888558246096897,1555742863576956929,1555483768797818882,1555483622127255552,1555463295850536961,1555066569419460609,1555064766665633792,1555063947580952576,1554784396506320896,1554784076262825984,1554746284971417601,1554728465399590912,1554728001593413632,1554718423380152320))')
 3 SYSTEMPATH\Database\BaseConnection.php(593): CodeIgniter\Database\BaseConnection->simpleQuery('INSERT INTO `check_dup` (`influencer_id`, `network`, `id_post_unique`) VALUES (\'108041\', \'twitter\', (1558122787880837120,1557328669864955905,1557316237797244928,1556510380670693381,1556224409903370246,1556025129385488384,1555888558246096897,1555742863576956929,1555483768797818882,1555483622127255552,1555463295850536961,1555066569419460609,1555064766665633792,1555063947580952576,1554784396506320896,1554784076262825984,1554746284971417601,1554728465399590912,1554728001593413632,1554718423380152320))')
 4 SYSTEMPATH\Database\BaseBuilder.php(1916): CodeIgniter\Database\BaseConnection->query('INSERT INTO `check_dup` (`influencer_id`, `network`, `id_post_unique`) VALUES (:influencer_id:, :network:, :id_post_unique:)', [...], false)
 5 APPPATH\Controllers\Test_controller.php(40): CodeIgniter\Database\BaseBuilder->insert([...])
 6 SYSTEMPATH\CodeIgniter.php(925): App\Controllers\Test_controller->index()
 7 SYSTEMPATH\CodeIgniter.php(480): CodeIgniter\CodeIgniter->runController(Object(App\Controllers\Test_controller))
 8 SYSTEMPATH\CodeIgniter.php(349): CodeIgniter\CodeIgniter->handleRequest(null, Object(Config\Cache), false)
 9 FCPATH\index.php(67): CodeIgniter\CodeIgniter->run()
ERROR - 2023-01-18 22:34:43 --> mysqli_sql_exception: Operand should contain 1 column(s) in C:\xampp\htdocs\intern\system\Database\MySQLi\Connection.php:292
Stack trace:
#0 C:\xampp\htdocs\intern\system\Database\MySQLi\Connection.php(292): mysqli->query('INSERT INTO `ch...', 0)
#1 C:\xampp\htdocs\intern\system\Database\BaseConnection.php(666): CodeIgniter\Database\MySQLi\Connection->execute('INSERT INTO `ch...')
#2 C:\xampp\htdocs\intern\system\Database\BaseConnection.php(593): CodeIgniter\Database\BaseConnection->simpleQuery('INSERT INTO `ch...')
#3 C:\xampp\htdocs\intern\system\Database\BaseBuilder.php(1916): CodeIgniter\Database\BaseConnection->query('INSERT INTO `ch...', Array, false)
#4 C:\xampp\htdocs\intern\app\Controllers\Test_controller.php(40): CodeIgniter\Database\BaseBuilder->insert(Array)
#5 C:\xampp\htdocs\intern\system\CodeIgniter.php(925): App\Controllers\Test_controller->index()
#6 C:\xampp\htdocs\intern\system\CodeIgniter.php(480): CodeIgniter\CodeIgniter->runController(Object(App\Controllers\Test_controller))
#7 C:\xampp\htdocs\intern\system\CodeIgniter.php(349): CodeIgniter\CodeIgniter->handleRequest(NULL, Object(Config\Cache), false)
#8 C:\xampp\htdocs\intern\public\index.php(67): CodeIgniter\CodeIgniter->run()
#9 {main}
CRITICAL - 2023-01-18 22:34:43 --> Operand should contain 1 column(s)
in SYSTEMPATH\Database\MySQLi\Connection.php on line 292.
 1 SYSTEMPATH\Database\MySQLi\Connection.php(292): mysqli->query('INSERT INTO `check_dup` (`id_post_unique`, `id_post_count`) VALUES ((1558122787880837120,1557328669864955905,1557316237797244928,1556510380670693381,1556224409903370246,1556025129385488384,1555888558246096897,1555742863576956929,1555483768797818882,1555483622127255552,1555463295850536961,1555066569419460609,1555064766665633792,1555063947580952576,1554784396506320896,1554784076262825984,1554746284971417601,1554728465399590912,1554728001593413632,1554718423380152320), 20)', 0)
 2 SYSTEMPATH\Database\BaseConnection.php(666): CodeIgniter\Database\MySQLi\Connection->execute('INSERT INTO `check_dup` (`id_post_unique`, `id_post_count`) VALUES ((1558122787880837120,1557328669864955905,1557316237797244928,1556510380670693381,1556224409903370246,1556025129385488384,1555888558246096897,1555742863576956929,1555483768797818882,1555483622127255552,1555463295850536961,1555066569419460609,1555064766665633792,1555063947580952576,1554784396506320896,1554784076262825984,1554746284971417601,1554728465399590912,1554728001593413632,1554718423380152320), 20)')
 3 SYSTEMPATH\Database\BaseConnection.php(593): CodeIgniter\Database\BaseConnection->simpleQuery('INSERT INTO `check_dup` (`id_post_unique`, `id_post_count`) VALUES ((1558122787880837120,1557328669864955905,1557316237797244928,1556510380670693381,1556224409903370246,1556025129385488384,1555888558246096897,1555742863576956929,1555483768797818882,1555483622127255552,1555463295850536961,1555066569419460609,1555064766665633792,1555063947580952576,1554784396506320896,1554784076262825984,1554746284971417601,1554728465399590912,1554728001593413632,1554718423380152320), 20)')
 4 SYSTEMPATH\Database\BaseBuilder.php(1916): CodeIgniter\Database\BaseConnection->query('INSERT INTO `check_dup` (`id_post_unique`, `id_post_count`) VALUES (:id_post_unique:, :id_post_count:)', [...], false)
 5 APPPATH\Controllers\Test_controller.php(40): CodeIgniter\Database\BaseBuilder->insert([...])
 6 SYSTEMPATH\CodeIgniter.php(925): App\Controllers\Test_controller->index()
 7 SYSTEMPATH\CodeIgniter.php(480): CodeIgniter\CodeIgniter->runController(Object(App\Controllers\Test_controller))
 8 SYSTEMPATH\CodeIgniter.php(349): CodeIgniter\CodeIgniter->handleRequest(null, Object(Config\Cache), false)
 9 FCPATH\index.php(67): CodeIgniter\CodeIgniter->run()
ERROR - 2023-01-18 22:34:45 --> mysqli_sql_exception: Operand should contain 1 column(s) in C:\xampp\htdocs\intern\system\Database\MySQLi\Connection.php:292
Stack trace:
#0 C:\xampp\htdocs\intern\system\Database\MySQLi\Connection.php(292): mysqli->query('INSERT INTO `ch...', 0)
#1 C:\xampp\htdocs\intern\system\Database\BaseConnection.php(666): CodeIgniter\Database\MySQLi\Connection->execute('INSERT INTO `ch...')
#2 C:\xampp\htdocs\intern\system\Database\BaseConnection.php(593): CodeIgniter\Database\BaseConnection->simpleQuery('INSERT INTO `ch...')
#3 C:\xampp\htdocs\intern\system\Database\BaseBuilder.php(1916): CodeIgniter\Database\BaseConnection->query('INSERT INTO `ch...', Array, false)
#4 C:\xampp\htdocs\intern\app\Controllers\Test_controller.php(40): CodeIgniter\Database\BaseBuilder->insert(Array)
#5 C:\xampp\htdocs\intern\system\CodeIgniter.php(925): App\Controllers\Test_controller->index()
#6 C:\xampp\htdocs\intern\system\CodeIgniter.php(480): CodeIgniter\CodeIgniter->runController(Object(App\Controllers\Test_controller))
#7 C:\xampp\htdocs\intern\system\CodeIgniter.php(349): CodeIgniter\CodeIgniter->handleRequest(NULL, Object(Config\Cache), false)
#8 C:\xampp\htdocs\intern\public\index.php(67): CodeIgniter\CodeIgniter->run()
#9 {main}
CRITICAL - 2023-01-18 22:34:45 --> Operand should contain 1 column(s)
in SYSTEMPATH\Database\MySQLi\Connection.php on line 292.
 1 SYSTEMPATH\Database\MySQLi\Connection.php(292): mysqli->query('INSERT INTO `check_dup` (`id_post_unique`, `id_post_count`) VALUES ((1558122787880837120,1557328669864955905,1557316237797244928,1556510380670693381,1556224409903370246,1556025129385488384,1555888558246096897,1555742863576956929,1555483768797818882,1555483622127255552,1555463295850536961,1555066569419460609,1555064766665633792,1555063947580952576,1554784396506320896,1554784076262825984,1554746284971417601,1554728465399590912,1554728001593413632,1554718423380152320), 20)', 0)
 2 SYSTEMPATH\Database\BaseConnection.php(666): CodeIgniter\Database\MySQLi\Connection->execute('INSERT INTO `check_dup` (`id_post_unique`, `id_post_count`) VALUES ((1558122787880837120,1557328669864955905,1557316237797244928,1556510380670693381,1556224409903370246,1556025129385488384,1555888558246096897,1555742863576956929,1555483768797818882,1555483622127255552,1555463295850536961,1555066569419460609,1555064766665633792,1555063947580952576,1554784396506320896,1554784076262825984,1554746284971417601,1554728465399590912,1554728001593413632,1554718423380152320), 20)')
 3 SYSTEMPATH\Database\BaseConnection.php(593): CodeIgniter\Database\BaseConnection->simpleQuery('INSERT INTO `check_dup` (`id_post_unique`, `id_post_count`) VALUES ((1558122787880837120,1557328669864955905,1557316237797244928,1556510380670693381,1556224409903370246,1556025129385488384,1555888558246096897,1555742863576956929,1555483768797818882,1555483622127255552,1555463295850536961,1555066569419460609,1555064766665633792,1555063947580952576,1554784396506320896,1554784076262825984,1554746284971417601,1554728465399590912,1554728001593413632,1554718423380152320), 20)')
 4 SYSTEMPATH\Database\BaseBuilder.php(1916): CodeIgniter\Database\BaseConnection->query('INSERT INTO `check_dup` (`id_post_unique`, `id_post_count`) VALUES (:id_post_unique:, :id_post_count:)', [...], false)
 5 APPPATH\Controllers\Test_controller.php(40): CodeIgniter\Database\BaseBuilder->insert([...])
 6 SYSTEMPATH\CodeIgniter.php(925): App\Controllers\Test_controller->index()
 7 SYSTEMPATH\CodeIgniter.php(480): CodeIgniter\CodeIgniter->runController(Object(App\Controllers\Test_controller))
 8 SYSTEMPATH\CodeIgniter.php(349): CodeIgniter\CodeIgniter->handleRequest(null, Object(Config\Cache), false)
 9 FCPATH\index.php(67): CodeIgniter\CodeIgniter->run()
ERROR - 2023-01-18 22:34:45 --> mysqli_sql_exception: Operand should contain 1 column(s) in C:\xampp\htdocs\intern\system\Database\MySQLi\Connection.php:292
Stack trace:
#0 C:\xampp\htdocs\intern\system\Database\MySQLi\Connection.php(292): mysqli->query('INSERT INTO `ch...', 0)
#1 C:\xampp\htdocs\intern\system\Database\BaseConnection.php(666): CodeIgniter\Database\MySQLi\Connection->execute('INSERT INTO `ch...')
#2 C:\xampp\htdocs\intern\system\Database\BaseConnection.php(593): CodeIgniter\Database\BaseConnection->simpleQuery('INSERT INTO `ch...')
#3 C:\xampp\htdocs\intern\system\Database\BaseBuilder.php(1916): CodeIgniter\Database\BaseConnection->query('INSERT INTO `ch...', Array, false)
#4 C:\xampp\htdocs\intern\app\Controllers\Test_controller.php(40): CodeIgniter\Database\BaseBuilder->insert(Array)
#5 C:\xampp\htdocs\intern\system\CodeIgniter.php(925): App\Controllers\Test_controller->index()
#6 C:\xampp\htdocs\intern\system\CodeIgniter.php(480): CodeIgniter\CodeIgniter->runController(Object(App\Controllers\Test_controller))
#7 C:\xampp\htdocs\intern\system\CodeIgniter.php(349): CodeIgniter\CodeIgniter->handleRequest(NULL, Object(Config\Cache), false)
#8 C:\xampp\htdocs\intern\public\index.php(67): CodeIgniter\CodeIgniter->run()
#9 {main}
CRITICAL - 2023-01-18 22:34:45 --> Operand should contain 1 column(s)
in SYSTEMPATH\Database\MySQLi\Connection.php on line 292.
 1 SYSTEMPATH\Database\MySQLi\Connection.php(292): mysqli->query('INSERT INTO `check_dup` (`id_post_unique`, `id_post_count`) VALUES ((1558122787880837120,1557328669864955905,1557316237797244928,1556510380670693381,1556224409903370246,1556025129385488384,1555888558246096897,1555742863576956929,1555483768797818882,1555483622127255552,1555463295850536961,1555066569419460609,1555064766665633792,1555063947580952576,1554784396506320896,1554784076262825984,1554746284971417601,1554728465399590912,1554728001593413632,1554718423380152320), 20)', 0)
 2 SYSTEMPATH\Database\BaseConnection.php(666): CodeIgniter\Database\MySQLi\Connection->execute('INSERT INTO `check_dup` (`id_post_unique`, `id_post_count`) VALUES ((1558122787880837120,1557328669864955905,1557316237797244928,1556510380670693381,1556224409903370246,1556025129385488384,1555888558246096897,1555742863576956929,1555483768797818882,1555483622127255552,1555463295850536961,1555066569419460609,1555064766665633792,1555063947580952576,1554784396506320896,1554784076262825984,1554746284971417601,1554728465399590912,1554728001593413632,1554718423380152320), 20)')
 3 SYSTEMPATH\Database\BaseConnection.php(593): CodeIgniter\Database\BaseConnection->simpleQuery('INSERT INTO `check_dup` (`id_post_unique`, `id_post_count`) VALUES ((1558122787880837120,1557328669864955905,1557316237797244928,1556510380670693381,1556224409903370246,1556025129385488384,1555888558246096897,1555742863576956929,1555483768797818882,1555483622127255552,1555463295850536961,1555066569419460609,1555064766665633792,1555063947580952576,1554784396506320896,1554784076262825984,1554746284971417601,1554728465399590912,1554728001593413632,1554718423380152320), 20)')
 4 SYSTEMPATH\Database\BaseBuilder.php(1916): CodeIgniter\Database\BaseConnection->query('INSERT INTO `check_dup` (`id_post_unique`, `id_post_count`) VALUES (:id_post_unique:, :id_post_count:)', [...], false)
 5 APPPATH\Controllers\Test_controller.php(40): CodeIgniter\Database\BaseBuilder->insert([...])
 6 SYSTEMPATH\CodeIgniter.php(925): App\Controllers\Test_controller->index()
 7 SYSTEMPATH\CodeIgniter.php(480): CodeIgniter\CodeIgniter->runController(Object(App\Controllers\Test_controller))
 8 SYSTEMPATH\CodeIgniter.php(349): CodeIgniter\CodeIgniter->handleRequest(null, Object(Config\Cache), false)
 9 FCPATH\index.php(67): CodeIgniter\CodeIgniter->run()
ERROR - 2023-01-18 22:34:46 --> mysqli_sql_exception: Operand should contain 1 column(s) in C:\xampp\htdocs\intern\system\Database\MySQLi\Connection.php:292
Stack trace:
#0 C:\xampp\htdocs\intern\system\Database\MySQLi\Connection.php(292): mysqli->query('INSERT INTO `ch...', 0)
#1 C:\xampp\htdocs\intern\system\Database\BaseConnection.php(666): CodeIgniter\Database\MySQLi\Connection->execute('INSERT INTO `ch...')
#2 C:\xampp\htdocs\intern\system\Database\BaseConnection.php(593): CodeIgniter\Database\BaseConnection->simpleQuery('INSERT INTO `ch...')
#3 C:\xampp\htdocs\intern\system\Database\BaseBuilder.php(1916): CodeIgniter\Database\BaseConnection->query('INSERT INTO `ch...', Array, false)
#4 C:\xampp\htdocs\intern\app\Controllers\Test_controller.php(40): CodeIgniter\Database\BaseBuilder->insert(Array)
#5 C:\xampp\htdocs\intern\system\CodeIgniter.php(925): App\Controllers\Test_controller->index()
#6 C:\xampp\htdocs\intern\system\CodeIgniter.php(480): CodeIgniter\CodeIgniter->runController(Object(App\Controllers\Test_controller))
#7 C:\xampp\htdocs\intern\system\CodeIgniter.php(349): CodeIgniter\CodeIgniter->handleRequest(NULL, Object(Config\Cache), false)
#8 C:\xampp\htdocs\intern\public\index.php(67): CodeIgniter\CodeIgniter->run()
#9 {main}
CRITICAL - 2023-01-18 22:34:46 --> Operand should contain 1 column(s)
in SYSTEMPATH\Database\MySQLi\Connection.php on line 292.
 1 SYSTEMPATH\Database\MySQLi\Connection.php(292): mysqli->query('INSERT INTO `check_dup` (`id_post_unique`, `id_post_count`) VALUES ((1558122787880837120,1557328669864955905,1557316237797244928,1556510380670693381,1556224409903370246,1556025129385488384,1555888558246096897,1555742863576956929,1555483768797818882,1555483622127255552,1555463295850536961,1555066569419460609,1555064766665633792,1555063947580952576,1554784396506320896,1554784076262825984,1554746284971417601,1554728465399590912,1554728001593413632,1554718423380152320), 20)', 0)
 2 SYSTEMPATH\Database\BaseConnection.php(666): CodeIgniter\Database\MySQLi\Connection->execute('INSERT INTO `check_dup` (`id_post_unique`, `id_post_count`) VALUES ((1558122787880837120,1557328669864955905,1557316237797244928,1556510380670693381,1556224409903370246,1556025129385488384,1555888558246096897,1555742863576956929,1555483768797818882,1555483622127255552,1555463295850536961,1555066569419460609,1555064766665633792,1555063947580952576,1554784396506320896,1554784076262825984,1554746284971417601,1554728465399590912,1554728001593413632,1554718423380152320), 20)')
 3 SYSTEMPATH\Database\BaseConnection.php(593): CodeIgniter\Database\BaseConnection->simpleQuery('INSERT INTO `check_dup` (`id_post_unique`, `id_post_count`) VALUES ((1558122787880837120,1557328669864955905,1557316237797244928,1556510380670693381,1556224409903370246,1556025129385488384,1555888558246096897,1555742863576956929,1555483768797818882,1555483622127255552,1555463295850536961,1555066569419460609,1555064766665633792,1555063947580952576,1554784396506320896,1554784076262825984,1554746284971417601,1554728465399590912,1554728001593413632,1554718423380152320), 20)')
 4 SYSTEMPATH\Database\BaseBuilder.php(1916): CodeIgniter\Database\BaseConnection->query('INSERT INTO `check_dup` (`id_post_unique`, `id_post_count`) VALUES (:id_post_unique:, :id_post_count:)', [...], false)
 5 APPPATH\Controllers\Test_controller.php(40): CodeIgniter\Database\BaseBuilder->insert([...])
 6 SYSTEMPATH\CodeIgniter.php(925): App\Controllers\Test_controller->index()
 7 SYSTEMPATH\CodeIgniter.php(480): CodeIgniter\CodeIgniter->runController(Object(App\Controllers\Test_controller))
 8 SYSTEMPATH\CodeIgniter.php(349): CodeIgniter\CodeIgniter->handleRequest(null, Object(Config\Cache), false)
 9 FCPATH\index.php(67): CodeIgniter\CodeIgniter->run()
ERROR - 2023-01-18 22:34:46 --> mysqli_sql_exception: Operand should contain 1 column(s) in C:\xampp\htdocs\intern\system\Database\MySQLi\Connection.php:292
Stack trace:
#0 C:\xampp\htdocs\intern\system\Database\MySQLi\Connection.php(292): mysqli->query('INSERT INTO `ch...', 0)
#1 C:\xampp\htdocs\intern\system\Database\BaseConnection.php(666): CodeIgniter\Database\MySQLi\Connection->execute('INSERT INTO `ch...')
#2 C:\xampp\htdocs\intern\system\Database\BaseConnection.php(593): CodeIgniter\Database\BaseConnection->simpleQuery('INSERT INTO `ch...')
#3 C:\xampp\htdocs\intern\system\Database\BaseBuilder.php(1916): CodeIgniter\Database\BaseConnection->query('INSERT INTO `ch...', Array, false)
#4 C:\xampp\htdocs\intern\app\Controllers\Test_controller.php(40): CodeIgniter\Database\BaseBuilder->insert(Array)
#5 C:\xampp\htdocs\intern\system\CodeIgniter.php(925): App\Controllers\Test_controller->index()
#6 C:\xampp\htdocs\intern\system\CodeIgniter.php(480): CodeIgniter\CodeIgniter->runController(Object(App\Controllers\Test_controller))
#7 C:\xampp\htdocs\intern\system\CodeIgniter.php(349): CodeIgniter\CodeIgniter->handleRequest(NULL, Object(Config\Cache), false)
#8 C:\xampp\htdocs\intern\public\index.php(67): CodeIgniter\CodeIgniter->run()
#9 {main}
CRITICAL - 2023-01-18 22:34:46 --> Operand should contain 1 column(s)
in SYSTEMPATH\Database\MySQLi\Connection.php on line 292.
 1 SYSTEMPATH\Database\MySQLi\Connection.php(292): mysqli->query('INSERT INTO `check_dup` (`id_post_unique`, `id_post_count`) VALUES ((1558122787880837120,1557328669864955905,1557316237797244928,1556510380670693381,1556224409903370246,1556025129385488384,1555888558246096897,1555742863576956929,1555483768797818882,1555483622127255552,1555463295850536961,1555066569419460609,1555064766665633792,1555063947580952576,1554784396506320896,1554784076262825984,1554746284971417601,1554728465399590912,1554728001593413632,1554718423380152320), 20)', 0)
 2 SYSTEMPATH\Database\BaseConnection.php(666): CodeIgniter\Database\MySQLi\Connection->execute('INSERT INTO `check_dup` (`id_post_unique`, `id_post_count`) VALUES ((1558122787880837120,1557328669864955905,1557316237797244928,1556510380670693381,1556224409903370246,1556025129385488384,1555888558246096897,1555742863576956929,1555483768797818882,1555483622127255552,1555463295850536961,1555066569419460609,1555064766665633792,1555063947580952576,1554784396506320896,1554784076262825984,1554746284971417601,1554728465399590912,1554728001593413632,1554718423380152320), 20)')
 3 SYSTEMPATH\Database\BaseConnection.php(593): CodeIgniter\Database\BaseConnection->simpleQuery('INSERT INTO `check_dup` (`id_post_unique`, `id_post_count`) VALUES ((1558122787880837120,1557328669864955905,1557316237797244928,1556510380670693381,1556224409903370246,1556025129385488384,1555888558246096897,1555742863576956929,1555483768797818882,1555483622127255552,1555463295850536961,1555066569419460609,1555064766665633792,1555063947580952576,1554784396506320896,1554784076262825984,1554746284971417601,1554728465399590912,1554728001593413632,1554718423380152320), 20)')
 4 SYSTEMPATH\Database\BaseBuilder.php(1916): CodeIgniter\Database\BaseConnection->query('INSERT INTO `check_dup` (`id_post_unique`, `id_post_count`) VALUES (:id_post_unique:, :id_post_count:)', [...], false)
 5 APPPATH\Controllers\Test_controller.php(40): CodeIgniter\Database\BaseBuilder->insert([...])
 6 SYSTEMPATH\CodeIgniter.php(925): App\Controllers\Test_controller->index()
 7 SYSTEMPATH\CodeIgniter.php(480): CodeIgniter\CodeIgniter->runController(Object(App\Controllers\Test_controller))
 8 SYSTEMPATH\CodeIgniter.php(349): CodeIgniter\CodeIgniter->handleRequest(null, Object(Config\Cache), false)
 9 FCPATH\index.php(67): CodeIgniter\CodeIgniter->run()
CRITICAL - 2023-01-18 22:37:01 --> Undefined index: influencer_id
in APPPATH\Controllers\Test_controller.php on line 34.
 1 APPPATH\Controllers\Test_controller.php(34): CodeIgniter\Debug\Exceptions->errorHandler(8, 'Undefined index: influencer_id', 'APPPATH\\Controllers\\Test_controller.php', 34, [...])
 2 SYSTEMPATH\CodeIgniter.php(925): App\Controllers\Test_controller->index()
 3 SYSTEMPATH\CodeIgniter.php(480): CodeIgniter\CodeIgniter->runController(Object(App\Controllers\Test_controller))
 4 SYSTEMPATH\CodeIgniter.php(349): CodeIgniter\CodeIgniter->handleRequest(null, Object(Config\Cache), false)
 5 FCPATH\index.php(67): CodeIgniter\CodeIgniter->run()
CRITICAL - 2023-01-18 22:37:07 --> Undefined index: influencer_id
in APPPATH\Controllers\Test_controller.php on line 34.
 1 APPPATH\Controllers\Test_controller.php(34): CodeIgniter\Debug\Exceptions->errorHandler(8, 'Undefined index: influencer_id', 'APPPATH\\Controllers\\Test_controller.php', 34, [...])
 2 SYSTEMPATH\CodeIgniter.php(925): App\Controllers\Test_controller->index()
 3 SYSTEMPATH\CodeIgniter.php(480): CodeIgniter\CodeIgniter->runController(Object(App\Controllers\Test_controller))
 4 SYSTEMPATH\CodeIgniter.php(349): CodeIgniter\CodeIgniter->handleRequest(null, Object(Config\Cache), false)
 5 FCPATH\index.php(67): CodeIgniter\CodeIgniter->run()
ERROR - 2023-01-18 22:37:15 --> mysqli_sql_exception: Operand should contain 1 column(s) in C:\xampp\htdocs\intern\system\Database\MySQLi\Connection.php:292
Stack trace:
#0 C:\xampp\htdocs\intern\system\Database\MySQLi\Connection.php(292): mysqli->query('INSERT INTO `ch...', 0)
#1 C:\xampp\htdocs\intern\system\Database\BaseConnection.php(666): CodeIgniter\Database\MySQLi\Connection->execute('INSERT INTO `ch...')
#2 C:\xampp\htdocs\intern\system\Database\BaseConnection.php(593): CodeIgniter\Database\BaseConnection->simpleQuery('INSERT INTO `ch...')
#3 C:\xampp\htdocs\intern\system\Database\BaseBuilder.php(1916): CodeIgniter\Database\BaseConnection->query('INSERT INTO `ch...', Array, false)
#4 C:\xampp\htdocs\intern\app\Controllers\Test_controller.php(40): CodeIgniter\Database\BaseBuilder->insert(Array)
#5 C:\xampp\htdocs\intern\system\CodeIgniter.php(925): App\Controllers\Test_controller->index()
#6 C:\xampp\htdocs\intern\system\CodeIgniter.php(480): CodeIgniter\CodeIgniter->runController(Object(App\Controllers\Test_controller))
#7 C:\xampp\htdocs\intern\system\CodeIgniter.php(349): CodeIgniter\CodeIgniter->handleRequest(NULL, Object(Config\Cache), false)
#8 C:\xampp\htdocs\intern\public\index.php(67): CodeIgniter\CodeIgniter->run()
#9 {main}
CRITICAL - 2023-01-18 22:37:15 --> Operand should contain 1 column(s)
in SYSTEMPATH\Database\MySQLi\Connection.php on line 292.
 1 SYSTEMPATH\Database\MySQLi\Connection.php(292): mysqli->query('INSERT INTO `check_dup` (`influencer_id`, `network`, `id_post_unique`, `id_post_count`) VALUES (\'108041\', \'twitter\', (1558122787880837120,1557328669864955905,1557316237797244928,1556510380670693381,1556224409903370246,1556025129385488384,1555888558246096897,1555742863576956929,1555483768797818882,1555483622127255552,1555463295850536961,1555066569419460609,1555064766665633792,1555063947580952576,1554784396506320896,1554784076262825984,1554746284971417601,1554728465399590912,1554728001593413632,1554718423380152320), 20)', 0)
 2 SYSTEMPATH\Database\BaseConnection.php(666): CodeIgniter\Database\MySQLi\Connection->execute('INSERT INTO `check_dup` (`influencer_id`, `network`, `id_post_unique`, `id_post_count`) VALUES (\'108041\', \'twitter\', (1558122787880837120,1557328669864955905,1557316237797244928,1556510380670693381,1556224409903370246,1556025129385488384,1555888558246096897,1555742863576956929,1555483768797818882,1555483622127255552,1555463295850536961,1555066569419460609,1555064766665633792,1555063947580952576,1554784396506320896,1554784076262825984,1554746284971417601,1554728465399590912,1554728001593413632,1554718423380152320), 20)')
 3 SYSTEMPATH\Database\BaseConnection.php(593): CodeIgniter\Database\BaseConnection->simpleQuery('INSERT INTO `check_dup` (`influencer_id`, `network`, `id_post_unique`, `id_post_count`) VALUES (\'108041\', \'twitter\', (1558122787880837120,1557328669864955905,1557316237797244928,1556510380670693381,1556224409903370246,1556025129385488384,1555888558246096897,1555742863576956929,1555483768797818882,1555483622127255552,1555463295850536961,1555066569419460609,1555064766665633792,1555063947580952576,1554784396506320896,1554784076262825984,1554746284971417601,1554728465399590912,1554728001593413632,1554718423380152320), 20)')
 4 SYSTEMPATH\Database\BaseBuilder.php(1916): CodeIgniter\Database\BaseConnection->query('INSERT INTO `check_dup` (`influencer_id`, `network`, `id_post_unique`, `id_post_count`) VALUES (:influencer_id:, :network:, :id_post_unique:, :id_post_count:)', [...], false)
 5 APPPATH\Controllers\Test_controller.php(40): CodeIgniter\Database\BaseBuilder->insert([...])
 6 SYSTEMPATH\CodeIgniter.php(925): App\Controllers\Test_controller->index()
 7 SYSTEMPATH\CodeIgniter.php(480): CodeIgniter\CodeIgniter->runController(Object(App\Controllers\Test_controller))
 8 SYSTEMPATH\CodeIgniter.php(349): CodeIgniter\CodeIgniter->handleRequest(null, Object(Config\Cache), false)
 9 FCPATH\index.php(67): CodeIgniter\CodeIgniter->run()
ERROR - 2023-01-18 22:39:07 --> mysqli_sql_exception: Operand should contain 1 column(s) in C:\xampp\htdocs\intern\system\Database\MySQLi\Connection.php:292
Stack trace:
#0 C:\xampp\htdocs\intern\system\Database\MySQLi\Connection.php(292): mysqli->query('INSERT INTO `ch...', 0)
#1 C:\xampp\htdocs\intern\system\Database\BaseConnection.php(666): CodeIgniter\Database\MySQLi\Connection->execute('INSERT INTO `ch...')
#2 C:\xampp\htdocs\intern\system\Database\BaseConnection.php(593): CodeIgniter\Database\BaseConnection->simpleQuery('INSERT INTO `ch...')
#3 C:\xampp\htdocs\intern\system\Database\BaseBuilder.php(1916): CodeIgniter\Database\BaseConnection->query('INSERT INTO `ch...', Array, false)
#4 C:\xampp\htdocs\intern\app\Controllers\Test_controller.php(40): CodeIgniter\Database\BaseBuilder->insert(Array)
#5 C:\xampp\htdocs\intern\system\CodeIgniter.php(925): App\Controllers\Test_controller->index()
#6 C:\xampp\htdocs\intern\system\CodeIgniter.php(480): CodeIgniter\CodeIgniter->runController(Object(App\Controllers\Test_controller))
#7 C:\xampp\htdocs\intern\system\CodeIgniter.php(349): CodeIgniter\CodeIgniter->handleRequest(NULL, Object(Config\Cache), false)
#8 C:\xampp\htdocs\intern\public\index.php(67): CodeIgniter\CodeIgniter->run()
#9 {main}
CRITICAL - 2023-01-18 22:39:07 --> Operand should contain 1 column(s)
in SYSTEMPATH\Database\MySQLi\Connection.php on line 292.
 1 SYSTEMPATH\Database\MySQLi\Connection.php(292): mysqli->query('INSERT INTO `check_dup` (`influencer_id`, `network`, `id_post_unique`, `id_post_count`) VALUES (\'108041\', \'twitter\', (1558122787880837120,1557328669864955905,1557316237797244928,1556510380670693381,1556224409903370246,1556025129385488384,1555888558246096897,1555742863576956929,1555483768797818882,1555483622127255552,1555463295850536961,1555066569419460609,1555064766665633792,1555063947580952576,1554784396506320896,1554784076262825984,1554746284971417601,1554728465399590912,1554728001593413632,1554718423380152320), 20)', 0)
 2 SYSTEMPATH\Database\BaseConnection.php(666): CodeIgniter\Database\MySQLi\Connection->execute('INSERT INTO `check_dup` (`influencer_id`, `network`, `id_post_unique`, `id_post_count`) VALUES (\'108041\', \'twitter\', (1558122787880837120,1557328669864955905,1557316237797244928,1556510380670693381,1556224409903370246,1556025129385488384,1555888558246096897,1555742863576956929,1555483768797818882,1555483622127255552,1555463295850536961,1555066569419460609,1555064766665633792,1555063947580952576,1554784396506320896,1554784076262825984,1554746284971417601,1554728465399590912,1554728001593413632,1554718423380152320), 20)')
 3 SYSTEMPATH\Database\BaseConnection.php(593): CodeIgniter\Database\BaseConnection->simpleQuery('INSERT INTO `check_dup` (`influencer_id`, `network`, `id_post_unique`, `id_post_count`) VALUES (\'108041\', \'twitter\', (1558122787880837120,1557328669864955905,1557316237797244928,1556510380670693381,1556224409903370246,1556025129385488384,1555888558246096897,1555742863576956929,1555483768797818882,1555483622127255552,1555463295850536961,1555066569419460609,1555064766665633792,1555063947580952576,1554784396506320896,1554784076262825984,1554746284971417601,1554728465399590912,1554728001593413632,1554718423380152320), 20)')
 4 SYSTEMPATH\Database\BaseBuilder.php(1916): CodeIgniter\Database\BaseConnection->query('INSERT INTO `check_dup` (`influencer_id`, `network`, `id_post_unique`, `id_post_count`) VALUES (:influencer_id:, :network:, :id_post_unique:, :id_post_count:)', [...], false)
 5 APPPATH\Controllers\Test_controller.php(40): CodeIgniter\Database\BaseBuilder->insert([...])
 6 SYSTEMPATH\CodeIgniter.php(925): App\Controllers\Test_controller->index()
 7 SYSTEMPATH\CodeIgniter.php(480): CodeIgniter\CodeIgniter->runController(Object(App\Controllers\Test_controller))
 8 SYSTEMPATH\CodeIgniter.php(349): CodeIgniter\CodeIgniter->handleRequest(null, Object(Config\Cache), false)
 9 FCPATH\index.php(67): CodeIgniter\CodeIgniter->run()
CRITICAL - 2023-01-18 22:44:01 --> Undefined index: influencer_id
in APPPATH\Controllers\Test_controller.php on line 23.
 1 APPPATH\Controllers\Test_controller.php(23): CodeIgniter\Debug\Exceptions->errorHandler(8, 'Undefined index: influencer_id', 'APPPATH\\Controllers\\Test_controller.php', 23, [...])
 2 SYSTEMPATH\CodeIgniter.php(925): App\Controllers\Test_controller->index()
 3 SYSTEMPATH\CodeIgniter.php(480): CodeIgniter\CodeIgniter->runController(Object(App\Controllers\Test_controller))
 4 SYSTEMPATH\CodeIgniter.php(349): CodeIgniter\CodeIgniter->handleRequest(null, Object(Config\Cache), false)
 5 FCPATH\index.php(67): CodeIgniter\CodeIgniter->run()
CRITICAL - 2023-01-18 22:44:45 --> Undefined index: id_post
in APPPATH\Controllers\Test_controller.php on line 27.
 1 APPPATH\Controllers\Test_controller.php(27): CodeIgniter\Debug\Exceptions->errorHandler(8, 'Undefined index: id_post', 'APPPATH\\Controllers\\Test_controller.php', 27, [...])
 2 SYSTEMPATH\CodeIgniter.php(925): App\Controllers\Test_controller->index()
 3 SYSTEMPATH\CodeIgniter.php(480): CodeIgniter\CodeIgniter->runController(Object(App\Controllers\Test_controller))
 4 SYSTEMPATH\CodeIgniter.php(349): CodeIgniter\CodeIgniter->handleRequest(null, Object(Config\Cache), false)
 5 FCPATH\index.php(67): CodeIgniter\CodeIgniter->run()
CRITICAL - 2023-01-18 22:48:21 --> json_decode() expects parameter 1 to be string, array given
in APPPATH\Libraries\test_count.php on line 25.
 1 [internal function]: CodeIgniter\Debug\Exceptions->errorHandler(2, 'json_decode() expects parameter 1 to be string, array given', 'APPPATH\\Libraries\\test_count.php', 25, [...])
 2 APPPATH\Libraries\test_count.php(25): json_decode([...])
 3 APPPATH\Controllers\Test_controller.php(22): App\Libraries\test_count->test()
 4 SYSTEMPATH\CodeIgniter.php(925): App\Controllers\Test_controller->index()
 5 SYSTEMPATH\CodeIgniter.php(480): CodeIgniter\CodeIgniter->runController(Object(App\Controllers\Test_controller))
 6 SYSTEMPATH\CodeIgniter.php(349): CodeIgniter\CodeIgniter->handleRequest(null, Object(Config\Cache), false)
 7 FCPATH\index.php(67): CodeIgniter\CodeIgniter->run()
CRITICAL - 2023-01-18 23:24:01 --> You must set the database table to be used with your query.
in SYSTEMPATH\Database\BaseConnection.php on line 845.
 1 SYSTEMPATH\Model.php(611): CodeIgniter\Database\BaseConnection->table(null)
 2 SYSTEMPATH\Model.php(797): CodeIgniter\Model->builder()
 3 APPPATH\Models\db63.php(15): CodeIgniter\Model->__call('query', [...])
 4 APPPATH\Controllers\Test_controller.php(15): App\Models\db63->query63()
 5 SYSTEMPATH\CodeIgniter.php(925): App\Controllers\Test_controller->index()
 6 SYSTEMPATH\CodeIgniter.php(480): CodeIgniter\CodeIgniter->runController(Object(App\Controllers\Test_controller))
 7 SYSTEMPATH\CodeIgniter.php(349): CodeIgniter\CodeIgniter->handleRequest(null, Object(Config\Cache), false)
 8 FCPATH\index.php(67): CodeIgniter\CodeIgniter->run()
CRITICAL - 2023-01-18 23:26:35 --> You must set the database table to be used with your query.
in SYSTEMPATH\Database\BaseConnection.php on line 845.
 1 SYSTEMPATH\Model.php(611): CodeIgniter\Database\BaseConnection->table(null)
 2 SYSTEMPATH\Model.php(797): CodeIgniter\Model->builder()
 3 APPPATH\Models\db63.php(15): CodeIgniter\Model->__call('query', [...])
 4 APPPATH\Controllers\Test_controller.php(15): App\Models\db63->query63()
 5 SYSTEMPATH\CodeIgniter.php(925): App\Controllers\Test_controller->index()
 6 SYSTEMPATH\CodeIgniter.php(480): CodeIgniter\CodeIgniter->runController(Object(App\Controllers\Test_controller))
 7 SYSTEMPATH\CodeIgniter.php(349): CodeIgniter\CodeIgniter->handleRequest(null, Object(Config\Cache), false)
 8 FCPATH\index.php(67): CodeIgniter\CodeIgniter->run()
CRITICAL - 2023-01-18 23:26:55 --> You must set the database table to be used with your query.
in SYSTEMPATH\Database\BaseConnection.php on line 845.
 1 SYSTEMPATH\Model.php(611): CodeIgniter\Database\BaseConnection->table(null)
 2 SYSTEMPATH\Model.php(797): CodeIgniter\Model->builder()
 3 APPPATH\Models\db63.php(15): CodeIgniter\Model->__call('query', [...])
 4 APPPATH\Controllers\Test_controller.php(15): App\Models\db63->query63()
 5 SYSTEMPATH\CodeIgniter.php(925): App\Controllers\Test_controller->index()
 6 SYSTEMPATH\CodeIgniter.php(480): CodeIgniter\CodeIgniter->runController(Object(App\Controllers\Test_controller))
 7 SYSTEMPATH\CodeIgniter.php(349): CodeIgniter\CodeIgniter->handleRequest(null, Object(Config\Cache), false)
 8 FCPATH\index.php(67): CodeIgniter\CodeIgniter->run()
CRITICAL - 2023-01-18 23:27:12 --> You must set the database table to be used with your query.
in SYSTEMPATH\Database\BaseConnection.php on line 845.
 1 SYSTEMPATH\Model.php(611): CodeIgniter\Database\BaseConnection->table(null)
 2 SYSTEMPATH\Model.php(797): CodeIgniter\Model->builder()
 3 APPPATH\Models\db63.php(15): CodeIgniter\Model->__call('query', [...])
 4 APPPATH\Controllers\Test_controller.php(15): App\Models\db63->query63()
 5 SYSTEMPATH\CodeIgniter.php(925): App\Controllers\Test_controller->index()
 6 SYSTEMPATH\CodeIgniter.php(480): CodeIgniter\CodeIgniter->runController(Object(App\Controllers\Test_controller))
 7 SYSTEMPATH\CodeIgniter.php(349): CodeIgniter\CodeIgniter->handleRequest(null, Object(Config\Cache), false)
 8 FCPATH\index.php(67): CodeIgniter\CodeIgniter->run()
CRITICAL - 2023-01-18 23:27:26 --> You must set the database table to be used with your query.
in SYSTEMPATH\Database\BaseConnection.php on line 845.
 1 SYSTEMPATH\Model.php(611): CodeIgniter\Database\BaseConnection->table(null)
 2 SYSTEMPATH\Model.php(797): CodeIgniter\Model->builder()
 3 APPPATH\Models\db63.php(15): CodeIgniter\Model->__call('query', [...])
 4 APPPATH\Controllers\Test_controller.php(15): App\Models\db63->query63()
 5 SYSTEMPATH\CodeIgniter.php(925): App\Controllers\Test_controller->index()
 6 SYSTEMPATH\CodeIgniter.php(480): CodeIgniter\CodeIgniter->runController(Object(App\Controllers\Test_controller))
 7 SYSTEMPATH\CodeIgniter.php(349): CodeIgniter\CodeIgniter->handleRequest(null, Object(Config\Cache), false)
 8 FCPATH\index.php(67): CodeIgniter\CodeIgniter->run()
CRITICAL - 2023-01-18 23:28:14 --> Undefined variable: id_post
in APPPATH\Libraries\test_count.php on line 23.
 1 APPPATH\Libraries\test_count.php(23): CodeIgniter\Debug\Exceptions->errorHandler(8, 'Undefined variable: id_post', 'APPPATH\\Libraries\\test_count.php', 23, [...])
 2 APPPATH\Controllers\Test_controller.php(22): App\Libraries\test_count->test()
 3 SYSTEMPATH\CodeIgniter.php(925): App\Controllers\Test_controller->index()
 4 SYSTEMPATH\CodeIgniter.php(480): CodeIgniter\CodeIgniter->runController(Object(App\Controllers\Test_controller))
 5 SYSTEMPATH\CodeIgniter.php(349): CodeIgniter\CodeIgniter->handleRequest(null, Object(Config\Cache), false)
 6 FCPATH\index.php(67): CodeIgniter\CodeIgniter->run()
CRITICAL - 2023-01-18 23:28:40 --> Undefined variable: id_post
in APPPATH\Libraries\test_count.php on line 23.
 1 APPPATH\Libraries\test_count.php(23): CodeIgniter\Debug\Exceptions->errorHandler(8, 'Undefined variable: id_post', 'APPPATH\\Libraries\\test_count.php', 23, [...])
 2 APPPATH\Controllers\Test_controller.php(22): App\Libraries\test_count->test()
 3 SYSTEMPATH\CodeIgniter.php(925): App\Controllers\Test_controller->index()
 4 SYSTEMPATH\CodeIgniter.php(480): CodeIgniter\CodeIgniter->runController(Object(App\Controllers\Test_controller))
 5 SYSTEMPATH\CodeIgniter.php(349): CodeIgniter\CodeIgniter->handleRequest(null, Object(Config\Cache), false)
 6 FCPATH\index.php(67): CodeIgniter\CodeIgniter->run()
CRITICAL - 2023-01-18 23:28:47 --> Undefined variable: id_post
in APPPATH\Libraries\test_count.php on line 23.
 1 APPPATH\Libraries\test_count.php(23): CodeIgniter\Debug\Exceptions->errorHandler(8, 'Undefined variable: id_post', 'APPPATH\\Libraries\\test_count.php', 23, [...])
 2 APPPATH\Controllers\Test_controller.php(22): App\Libraries\test_count->test()
 3 SYSTEMPATH\CodeIgniter.php(925): App\Controllers\Test_controller->index()
 4 SYSTEMPATH\CodeIgniter.php(480): CodeIgniter\CodeIgniter->runController(Object(App\Controllers\Test_controller))
 5 SYSTEMPATH\CodeIgniter.php(349): CodeIgniter\CodeIgniter->handleRequest(null, Object(Config\Cache), false)
 6 FCPATH\index.php(67): CodeIgniter\CodeIgniter->run()
CRITICAL - 2023-01-18 23:29:01 --> Undefined variable: id_post
in APPPATH\Libraries\test_count.php on line 23.
 1 APPPATH\Libraries\test_count.php(23): CodeIgniter\Debug\Exceptions->errorHandler(8, 'Undefined variable: id_post', 'APPPATH\\Libraries\\test_count.php', 23, [...])
 2 APPPATH\Controllers\Test_controller.php(22): App\Libraries\test_count->test()
 3 SYSTEMPATH\CodeIgniter.php(925): App\Controllers\Test_controller->index()
 4 SYSTEMPATH\CodeIgniter.php(480): CodeIgniter\CodeIgniter->runController(Object(App\Controllers\Test_controller))
 5 SYSTEMPATH\CodeIgniter.php(349): CodeIgniter\CodeIgniter->handleRequest(null, Object(Config\Cache), false)
 6 FCPATH\index.php(67): CodeIgniter\CodeIgniter->run()
CRITICAL - 2023-01-18 23:29:37 --> Undefined variable: id_post
in APPPATH\Libraries\test_count.php on line 23.
 1 APPPATH\Libraries\test_count.php(23): CodeIgniter\Debug\Exceptions->errorHandler(8, 'Undefined variable: id_post', 'APPPATH\\Libraries\\test_count.php', 23, [...])
 2 APPPATH\Controllers\Test_controller.php(22): App\Libraries\test_count->test()
 3 SYSTEMPATH\CodeIgniter.php(925): App\Controllers\Test_controller->index()
 4 SYSTEMPATH\CodeIgniter.php(480): CodeIgniter\CodeIgniter->runController(Object(App\Controllers\Test_controller))
 5 SYSTEMPATH\CodeIgniter.php(349): CodeIgniter\CodeIgniter->handleRequest(null, Object(Config\Cache), false)
 6 FCPATH\index.php(67): CodeIgniter\CodeIgniter->run()
