ERROR - 2023-02-02 00:11:53 --> mysqli_sql_exception: Operand should contain 1 column(s) in C:\xampp\htdocs\intern\system\Database\MySQLi\Connection.php:292
Stack trace:
#0 C:\xampp\htdocs\intern\system\Database\MySQLi\Connection.php(292): mysqli->query('INSERT INTO `mo...', 0)
#1 C:\xampp\htdocs\intern\system\Database\BaseConnection.php(666): CodeIgniter\Database\MySQLi\Connection->execute('INSERT INTO `mo...')
#2 C:\xampp\htdocs\intern\system\Database\BaseConnection.php(593): CodeIgniter\Database\BaseConnection->simpleQuery('INSERT INTO `mo...')
#3 C:\xampp\htdocs\intern\system\Database\BaseBuilder.php(1916): CodeIgniter\Database\BaseConnection->query('INSERT INTO `mo...', Array, false)
#4 C:\xampp\htdocs\intern\app\Models\insert_update_model.php(92): CodeIgniter\Database\BaseBuilder->insert(Array)
#5 C:\xampp\htdocs\intern\app\Controllers\insert_controller.php(24): App\Models\insert_update_model->insert_monthly()
#6 C:\xampp\htdocs\intern\system\CodeIgniter.php(925): App\Controllers\insert_controller->index()
#7 C:\xampp\htdocs\intern\system\CodeIgniter.php(480): CodeIgniter\CodeIgniter->runController(Object(App\Controllers\insert_controller))
#8 C:\xampp\htdocs\intern\system\CodeIgniter.php(349): CodeIgniter\CodeIgniter->handleRequest(NULL, Object(Config\Cache), false)
#9 C:\xampp\htdocs\intern\public\index.php(67): CodeIgniter\CodeIgniter->run()
#10 {main}
CRITICAL - 2023-02-02 00:11:53 --> Operand should contain 1 column(s)
in SYSTEMPATH\Database\MySQLi\Connection.php on line 292.
 1 SYSTEMPATH\Database\MySQLi\Connection.php(292): mysqli->query('INSERT INTO `monthly` (`month`, `year`, `network`, `account_influencer`, `total_post`, `duplicate`) VALUES (\'12\', \'2022\', \'twitter\', 109, (\'1596529022565240833\',\'1595083532111872002\',\'1594695721868881921\',\'1585480868562612230\',\'1570053152099143680\',\'1568836233761296384\',\'1568798396236058625\',\'1568461668715462656\',\'1567926360299171841\',\'1565378940793159680\',\'1564674223351959552\',\'1563888038182555649\',\'1562848077513637888\',\'1562847688898772992\',\'1562844299037130753\',\'1561061269305978880\',\'1558428592048324610\',\'1558088967639027713\',\'1551202245298962433\',\'1548627531762262016\'), 0)', 0)
 2 SYSTEMPATH\Database\BaseConnection.php(666): CodeIgniter\Database\MySQLi\Connection->execute('INSERT INTO `monthly` (`month`, `year`, `network`, `account_influencer`, `total_post`, `duplicate`) VALUES (\'12\', \'2022\', \'twitter\', 109, (\'1596529022565240833\',\'1595083532111872002\',\'1594695721868881921\',\'1585480868562612230\',\'1570053152099143680\',\'1568836233761296384\',\'1568798396236058625\',\'1568461668715462656\',\'1567926360299171841\',\'1565378940793159680\',\'1564674223351959552\',\'1563888038182555649\',\'1562848077513637888\',\'1562847688898772992\',\'1562844299037130753\',\'1561061269305978880\',\'1558428592048324610\',\'1558088967639027713\',\'1551202245298962433\',\'1548627531762262016\'), 0)')
 3 SYSTEMPATH\Database\BaseConnection.php(593): CodeIgniter\Database\BaseConnection->simpleQuery('INSERT INTO `monthly` (`month`, `year`, `network`, `account_influencer`, `total_post`, `duplicate`) VALUES (\'12\', \'2022\', \'twitter\', 109, (\'1596529022565240833\',\'1595083532111872002\',\'1594695721868881921\',\'1585480868562612230\',\'1570053152099143680\',\'1568836233761296384\',\'1568798396236058625\',\'1568461668715462656\',\'1567926360299171841\',\'1565378940793159680\',\'1564674223351959552\',\'1563888038182555649\',\'1562848077513637888\',\'1562847688898772992\',\'1562844299037130753\',\'1561061269305978880\',\'1558428592048324610\',\'1558088967639027713\',\'1551202245298962433\',\'1548627531762262016\'), 0)')
 4 SYSTEMPATH\Database\BaseBuilder.php(1916): CodeIgniter\Database\BaseConnection->query('INSERT INTO `monthly` (`month`, `year`, `network`, `account_influencer`, `total_post`, `duplicate`) VALUES (:month:, :year:, :network:, :account_influencer:, :total_post:, :duplicate:)', [...], false)
 5 APPPATH\Models\insert_update_model.php(92): CodeIgniter\Database\BaseBuilder->insert([...])
 6 APPPATH\Controllers\insert_controller.php(24): App\Models\insert_update_model->insert_monthly()
 7 SYSTEMPATH\CodeIgniter.php(925): App\Controllers\insert_controller->index()
 8 SYSTEMPATH\CodeIgniter.php(480): CodeIgniter\CodeIgniter->runController(Object(App\Controllers\insert_controller))
 9 SYSTEMPATH\CodeIgniter.php(349): CodeIgniter\CodeIgniter->handleRequest(null, Object(Config\Cache), false)
10 FCPATH\index.php(67): CodeIgniter\CodeIgniter->run()
ERROR - 2023-02-02 00:12:49 --> mysqli_sql_exception: Operand should contain 1 column(s) in C:\xampp\htdocs\intern\system\Database\MySQLi\Connection.php:292
Stack trace:
#0 C:\xampp\htdocs\intern\system\Database\MySQLi\Connection.php(292): mysqli->query('INSERT INTO `mo...', 0)
#1 C:\xampp\htdocs\intern\system\Database\BaseConnection.php(666): CodeIgniter\Database\MySQLi\Connection->execute('INSERT INTO `mo...')
#2 C:\xampp\htdocs\intern\system\Database\BaseConnection.php(593): CodeIgniter\Database\BaseConnection->simpleQuery('INSERT INTO `mo...')
#3 C:\xampp\htdocs\intern\system\Database\BaseBuilder.php(1916): CodeIgniter\Database\BaseConnection->query('INSERT INTO `mo...', Array, false)
#4 C:\xampp\htdocs\intern\app\Models\insert_update_model.php(92): CodeIgniter\Database\BaseBuilder->insert(Array)
#5 C:\xampp\htdocs\intern\app\Controllers\insert_controller.php(24): App\Models\insert_update_model->insert_monthly()
#6 C:\xampp\htdocs\intern\system\CodeIgniter.php(925): App\Controllers\insert_controller->index()
#7 C:\xampp\htdocs\intern\system\CodeIgniter.php(480): CodeIgniter\CodeIgniter->runController(Object(App\Controllers\insert_controller))
#8 C:\xampp\htdocs\intern\system\CodeIgniter.php(349): CodeIgniter\CodeIgniter->handleRequest(NULL, Object(Config\Cache), false)
#9 C:\xampp\htdocs\intern\public\index.php(67): CodeIgniter\CodeIgniter->run()
#10 {main}
CRITICAL - 2023-02-02 00:12:49 --> Operand should contain 1 column(s)
in SYSTEMPATH\Database\MySQLi\Connection.php on line 292.
 1 SYSTEMPATH\Database\MySQLi\Connection.php(292): mysqli->query('INSERT INTO `monthly` (`month`, `year`, `network`, `account_influencer`, `total_post`, `duplicate`) VALUES (\'12\', \'2022\', \'twitter\', 109, (\'1596529022565240833\',\'1595083532111872002\',\'1594695721868881921\',\'1585480868562612230\',\'1570053152099143680\',\'1568836233761296384\',\'1568798396236058625\',\'1568461668715462656\',\'1567926360299171841\',\'1565378940793159680\',\'1564674223351959552\',\'1563888038182555649\',\'1562848077513637888\',\'1562847688898772992\',\'1562844299037130753\',\'1561061269305978880\',\'1558428592048324610\',\'1558088967639027713\',\'1551202245298962433\',\'1548627531762262016\'), 0)', 0)
 2 SYSTEMPATH\Database\BaseConnection.php(666): CodeIgniter\Database\MySQLi\Connection->execute('INSERT INTO `monthly` (`month`, `year`, `network`, `account_influencer`, `total_post`, `duplicate`) VALUES (\'12\', \'2022\', \'twitter\', 109, (\'1596529022565240833\',\'1595083532111872002\',\'1594695721868881921\',\'1585480868562612230\',\'1570053152099143680\',\'1568836233761296384\',\'1568798396236058625\',\'1568461668715462656\',\'1567926360299171841\',\'1565378940793159680\',\'1564674223351959552\',\'1563888038182555649\',\'1562848077513637888\',\'1562847688898772992\',\'1562844299037130753\',\'1561061269305978880\',\'1558428592048324610\',\'1558088967639027713\',\'1551202245298962433\',\'1548627531762262016\'), 0)')
 3 SYSTEMPATH\Database\BaseConnection.php(593): CodeIgniter\Database\BaseConnection->simpleQuery('INSERT INTO `monthly` (`month`, `year`, `network`, `account_influencer`, `total_post`, `duplicate`) VALUES (\'12\', \'2022\', \'twitter\', 109, (\'1596529022565240833\',\'1595083532111872002\',\'1594695721868881921\',\'1585480868562612230\',\'1570053152099143680\',\'1568836233761296384\',\'1568798396236058625\',\'1568461668715462656\',\'1567926360299171841\',\'1565378940793159680\',\'1564674223351959552\',\'1563888038182555649\',\'1562848077513637888\',\'1562847688898772992\',\'1562844299037130753\',\'1561061269305978880\',\'1558428592048324610\',\'1558088967639027713\',\'1551202245298962433\',\'1548627531762262016\'), 0)')
 4 SYSTEMPATH\Database\BaseBuilder.php(1916): CodeIgniter\Database\BaseConnection->query('INSERT INTO `monthly` (`month`, `year`, `network`, `account_influencer`, `total_post`, `duplicate`) VALUES (:month:, :year:, :network:, :account_influencer:, :total_post:, :duplicate:)', [...], false)
 5 APPPATH\Models\insert_update_model.php(92): CodeIgniter\Database\BaseBuilder->insert([...])
 6 APPPATH\Controllers\insert_controller.php(24): App\Models\insert_update_model->insert_monthly()
 7 SYSTEMPATH\CodeIgniter.php(925): App\Controllers\insert_controller->index()
 8 SYSTEMPATH\CodeIgniter.php(480): CodeIgniter\CodeIgniter->runController(Object(App\Controllers\insert_controller))
 9 SYSTEMPATH\CodeIgniter.php(349): CodeIgniter\CodeIgniter->handleRequest(null, Object(Config\Cache), false)
10 FCPATH\index.php(67): CodeIgniter\CodeIgniter->run()
CRITICAL - 2023-02-02 01:08:29 --> Undefined index: getGroupBy_monthly
in APPPATH\Models\insert_update_model.php on line 71.
 1 APPPATH\Models\insert_update_model.php(71): CodeIgniter\Debug\Exceptions->errorHandler(8, 'Undefined index: getGroupBy_monthly', 'APPPATH\\Models\\insert_update_model.php', 71, [...])
 2 APPPATH\Controllers\insert_controller.php(24): App\Models\insert_update_model->insert_monthly()
 3 SYSTEMPATH\CodeIgniter.php(925): App\Controllers\insert_controller->index()
 4 SYSTEMPATH\CodeIgniter.php(480): CodeIgniter\CodeIgniter->runController(Object(App\Controllers\insert_controller))
 5 SYSTEMPATH\CodeIgniter.php(349): CodeIgniter\CodeIgniter->handleRequest(null, Object(Config\Cache), false)
 6 FCPATH\index.php(67): CodeIgniter\CodeIgniter->run()
ERROR - 2023-02-02 01:08:38 --> mysqli_sql_exception: Operand should contain 1 column(s) in C:\xampp\htdocs\intern\system\Database\MySQLi\Connection.php:292
Stack trace:
#0 C:\xampp\htdocs\intern\system\Database\MySQLi\Connection.php(292): mysqli->query('INSERT INTO `mo...', 0)
#1 C:\xampp\htdocs\intern\system\Database\BaseConnection.php(666): CodeIgniter\Database\MySQLi\Connection->execute('INSERT INTO `mo...')
#2 C:\xampp\htdocs\intern\system\Database\BaseConnection.php(593): CodeIgniter\Database\BaseConnection->simpleQuery('INSERT INTO `mo...')
#3 C:\xampp\htdocs\intern\system\Database\BaseBuilder.php(1916): CodeIgniter\Database\BaseConnection->query('INSERT INTO `mo...', Array, false)
#4 C:\xampp\htdocs\intern\app\Models\insert_update_model.php(92): CodeIgniter\Database\BaseBuilder->insert(Array)
#5 C:\xampp\htdocs\intern\app\Controllers\insert_controller.php(24): App\Models\insert_update_model->insert_monthly()
#6 C:\xampp\htdocs\intern\system\CodeIgniter.php(925): App\Controllers\insert_controller->index()
#7 C:\xampp\htdocs\intern\system\CodeIgniter.php(480): CodeIgniter\CodeIgniter->runController(Object(App\Controllers\insert_controller))
#8 C:\xampp\htdocs\intern\system\CodeIgniter.php(349): CodeIgniter\CodeIgniter->handleRequest(NULL, Object(Config\Cache), false)
#9 C:\xampp\htdocs\intern\public\index.php(67): CodeIgniter\CodeIgniter->run()
#10 {main}
CRITICAL - 2023-02-02 01:08:38 --> Operand should contain 1 column(s)
in SYSTEMPATH\Database\MySQLi\Connection.php on line 292.
 1 SYSTEMPATH\Database\MySQLi\Connection.php(292): mysqli->query('INSERT INTO `monthly` (`month`, `year`, `network`, `account_influencer`, `total_post`, `duplicate`) VALUES (\'12\', \'2022\', \'twitter\', 109, (\'1596529022565240833\',\'1595083532111872002\',\'1594695721868881921\',\'1585480868562612230\',\'1570053152099143680\',\'1568836233761296384\',\'1568798396236058625\',\'1568461668715462656\',\'1567926360299171841\',\'1565378940793159680\',\'1564674223351959552\',\'1563888038182555649\',\'1562848077513637888\',\'1562847688898772992\',\'1562844299037130753\',\'1561061269305978880\',\'1558428592048324610\',\'1558088967639027713\',\'1551202245298962433\',\'1548627531762262016\'), 0)', 0)
 2 SYSTEMPATH\Database\BaseConnection.php(666): CodeIgniter\Database\MySQLi\Connection->execute('INSERT INTO `monthly` (`month`, `year`, `network`, `account_influencer`, `total_post`, `duplicate`) VALUES (\'12\', \'2022\', \'twitter\', 109, (\'1596529022565240833\',\'1595083532111872002\',\'1594695721868881921\',\'1585480868562612230\',\'1570053152099143680\',\'1568836233761296384\',\'1568798396236058625\',\'1568461668715462656\',\'1567926360299171841\',\'1565378940793159680\',\'1564674223351959552\',\'1563888038182555649\',\'1562848077513637888\',\'1562847688898772992\',\'1562844299037130753\',\'1561061269305978880\',\'1558428592048324610\',\'1558088967639027713\',\'1551202245298962433\',\'1548627531762262016\'), 0)')
 3 SYSTEMPATH\Database\BaseConnection.php(593): CodeIgniter\Database\BaseConnection->simpleQuery('INSERT INTO `monthly` (`month`, `year`, `network`, `account_influencer`, `total_post`, `duplicate`) VALUES (\'12\', \'2022\', \'twitter\', 109, (\'1596529022565240833\',\'1595083532111872002\',\'1594695721868881921\',\'1585480868562612230\',\'1570053152099143680\',\'1568836233761296384\',\'1568798396236058625\',\'1568461668715462656\',\'1567926360299171841\',\'1565378940793159680\',\'1564674223351959552\',\'1563888038182555649\',\'1562848077513637888\',\'1562847688898772992\',\'1562844299037130753\',\'1561061269305978880\',\'1558428592048324610\',\'1558088967639027713\',\'1551202245298962433\',\'1548627531762262016\'), 0)')
 4 SYSTEMPATH\Database\BaseBuilder.php(1916): CodeIgniter\Database\BaseConnection->query('INSERT INTO `monthly` (`month`, `year`, `network`, `account_influencer`, `total_post`, `duplicate`) VALUES (:month:, :year:, :network:, :account_influencer:, :total_post:, :duplicate:)', [...], false)
 5 APPPATH\Models\insert_update_model.php(92): CodeIgniter\Database\BaseBuilder->insert([...])
 6 APPPATH\Controllers\insert_controller.php(24): App\Models\insert_update_model->insert_monthly()
 7 SYSTEMPATH\CodeIgniter.php(925): App\Controllers\insert_controller->index()
 8 SYSTEMPATH\CodeIgniter.php(480): CodeIgniter\CodeIgniter->runController(Object(App\Controllers\insert_controller))
 9 SYSTEMPATH\CodeIgniter.php(349): CodeIgniter\CodeIgniter->handleRequest(null, Object(Config\Cache), false)
10 FCPATH\index.php(67): CodeIgniter\CodeIgniter->run()
ERROR - 2023-02-02 01:13:32 --> mysqli_sql_exception: Operand should contain 1 column(s) in C:\xampp\htdocs\intern\system\Database\MySQLi\Connection.php:292
Stack trace:
#0 C:\xampp\htdocs\intern\system\Database\MySQLi\Connection.php(292): mysqli->query('INSERT INTO `mo...', 0)
#1 C:\xampp\htdocs\intern\system\Database\BaseConnection.php(666): CodeIgniter\Database\MySQLi\Connection->execute('INSERT INTO `mo...')
#2 C:\xampp\htdocs\intern\system\Database\BaseConnection.php(593): CodeIgniter\Database\BaseConnection->simpleQuery('INSERT INTO `mo...')
#3 C:\xampp\htdocs\intern\system\Database\BaseBuilder.php(1916): CodeIgniter\Database\BaseConnection->query('INSERT INTO `mo...', Array, false)
#4 C:\xampp\htdocs\intern\app\Models\insert_update_model.php(96): CodeIgniter\Database\BaseBuilder->insert(Array)
#5 C:\xampp\htdocs\intern\app\Controllers\insert_controller.php(24): App\Models\insert_update_model->insert_monthly()
#6 C:\xampp\htdocs\intern\system\CodeIgniter.php(925): App\Controllers\insert_controller->index()
#7 C:\xampp\htdocs\intern\system\CodeIgniter.php(480): CodeIgniter\CodeIgniter->runController(Object(App\Controllers\insert_controller))
#8 C:\xampp\htdocs\intern\system\CodeIgniter.php(349): CodeIgniter\CodeIgniter->handleRequest(NULL, Object(Config\Cache), false)
#9 C:\xampp\htdocs\intern\public\index.php(67): CodeIgniter\CodeIgniter->run()
#10 {main}
CRITICAL - 2023-02-02 01:13:32 --> Operand should contain 1 column(s)
in SYSTEMPATH\Database\MySQLi\Connection.php on line 292.
 1 SYSTEMPATH\Database\MySQLi\Connection.php(292): mysqli->query('INSERT INTO `monthly` (`month`, `year`, `network`, `account_influencer`, `total_post`, `duplicate`) VALUES (\'12\', \'2022\', \'twitter\', 109, (\'1596529022565240833\',\'1595083532111872002\',\'1594695721868881921\',\'1585480868562612230\',\'1570053152099143680\',\'1568836233761296384\',\'1568798396236058625\',\'1568461668715462656\',\'1567926360299171841\',\'1565378940793159680\',\'1564674223351959552\',\'1563888038182555649\',\'1562848077513637888\',\'1562847688898772992\',\'1562844299037130753\',\'1561061269305978880\',\'1558428592048324610\',\'1558088967639027713\',\'1551202245298962433\',\'1548627531762262016\'), 0)', 0)
 2 SYSTEMPATH\Database\BaseConnection.php(666): CodeIgniter\Database\MySQLi\Connection->execute('INSERT INTO `monthly` (`month`, `year`, `network`, `account_influencer`, `total_post`, `duplicate`) VALUES (\'12\', \'2022\', \'twitter\', 109, (\'1596529022565240833\',\'1595083532111872002\',\'1594695721868881921\',\'1585480868562612230\',\'1570053152099143680\',\'1568836233761296384\',\'1568798396236058625\',\'1568461668715462656\',\'1567926360299171841\',\'1565378940793159680\',\'1564674223351959552\',\'1563888038182555649\',\'1562848077513637888\',\'1562847688898772992\',\'1562844299037130753\',\'1561061269305978880\',\'1558428592048324610\',\'1558088967639027713\',\'1551202245298962433\',\'1548627531762262016\'), 0)')
 3 SYSTEMPATH\Database\BaseConnection.php(593): CodeIgniter\Database\BaseConnection->simpleQuery('INSERT INTO `monthly` (`month`, `year`, `network`, `account_influencer`, `total_post`, `duplicate`) VALUES (\'12\', \'2022\', \'twitter\', 109, (\'1596529022565240833\',\'1595083532111872002\',\'1594695721868881921\',\'1585480868562612230\',\'1570053152099143680\',\'1568836233761296384\',\'1568798396236058625\',\'1568461668715462656\',\'1567926360299171841\',\'1565378940793159680\',\'1564674223351959552\',\'1563888038182555649\',\'1562848077513637888\',\'1562847688898772992\',\'1562844299037130753\',\'1561061269305978880\',\'1558428592048324610\',\'1558088967639027713\',\'1551202245298962433\',\'1548627531762262016\'), 0)')
 4 SYSTEMPATH\Database\BaseBuilder.php(1916): CodeIgniter\Database\BaseConnection->query('INSERT INTO `monthly` (`month`, `year`, `network`, `account_influencer`, `total_post`, `duplicate`) VALUES (:month:, :year:, :network:, :account_influencer:, :total_post:, :duplicate:)', [...], false)
 5 APPPATH\Models\insert_update_model.php(96): CodeIgniter\Database\BaseBuilder->insert([...])
 6 APPPATH\Controllers\insert_controller.php(24): App\Models\insert_update_model->insert_monthly()
 7 SYSTEMPATH\CodeIgniter.php(925): App\Controllers\insert_controller->index()
 8 SYSTEMPATH\CodeIgniter.php(480): CodeIgniter\CodeIgniter->runController(Object(App\Controllers\insert_controller))
 9 SYSTEMPATH\CodeIgniter.php(349): CodeIgniter\CodeIgniter->handleRequest(null, Object(Config\Cache), false)
10 FCPATH\index.php(67): CodeIgniter\CodeIgniter->run()
CRITICAL - 2023-02-02 01:55:35 --> Undefined index: total_post
in APPPATH\Libraries\check_dup.php on line 57.
 1 APPPATH\Libraries\check_dup.php(57): CodeIgniter\Debug\Exceptions->errorHandler(8, 'Undefined index: total_post', 'APPPATH\\Libraries\\check_dup.php', 57, [...])
 2 APPPATH\Models\insert_update_model.php(18): App\Libraries\check_dup->dup()
 3 APPPATH\Controllers\insert_controller.php(23): App\Models\insert_update_model->insert_weekly()
 4 SYSTEMPATH\CodeIgniter.php(925): App\Controllers\insert_controller->index()
 5 SYSTEMPATH\CodeIgniter.php(480): CodeIgniter\CodeIgniter->runController(Object(App\Controllers\insert_controller))
 6 SYSTEMPATH\CodeIgniter.php(349): CodeIgniter\CodeIgniter->handleRequest(null, Object(Config\Cache), false)
 7 FCPATH\index.php(67): CodeIgniter\CodeIgniter->run()
CRITICAL - 2023-02-02 02:56:48 --> Array to string conversion
in APPPATH\Libraries\check_dup.php on line 59.
 1 [internal function]: CodeIgniter\Debug\Exceptions->errorHandler(8, 'Array to string conversion', 'APPPATH\\Libraries\\check_dup.php', 59, [...])
 2 APPPATH\Libraries\check_dup.php(59): array_unique([...])
 3 APPPATH\Models\insert_update_model.php(18): App\Libraries\check_dup->dup()
 4 APPPATH\Controllers\insert_controller.php(23): App\Models\insert_update_model->insert_weekly()
 5 SYSTEMPATH\CodeIgniter.php(925): App\Controllers\insert_controller->index()
 6 SYSTEMPATH\CodeIgniter.php(480): CodeIgniter\CodeIgniter->runController(Object(App\Controllers\insert_controller))
 7 SYSTEMPATH\CodeIgniter.php(349): CodeIgniter\CodeIgniter->handleRequest(null, Object(Config\Cache), false)
 8 FCPATH\index.php(67): CodeIgniter\CodeIgniter->run()
