CRITICAL - 2023-01-28 02:34:06 --> Maximum execution time of 120 seconds exceeded
in SYSTEMPATH\Database\MySQLi\Connection.php on line 292.
 1 [internal function]: CodeIgniter\Debug\Exceptions->shutdownHandler()
CRITICAL - 2023-01-28 02:34:19 --> Maximum execution time of 120 seconds exceeded
in SYSTEMPATH\Database\MySQLi\Connection.php on line 292.
 1 [internal function]: CodeIgniter\Debug\Exceptions->shutdownHandler()
ERROR - 2023-01-28 03:39:26 --> mysqli_sql_exception: Unknown column 'week' in 'where clause' in C:\xampp\htdocs\intern\system\Database\MySQLi\Connection.php:292
Stack trace:
#0 C:\xampp\htdocs\intern\system\Database\MySQLi\Connection.php(292): mysqli->query('SELECT *\r\n     ...', 0)
#1 C:\xampp\htdocs\intern\system\Database\BaseConnection.php(666): CodeIgniter\Database\MySQLi\Connection->execute('SELECT *\r\n     ...')
#2 C:\xampp\htdocs\intern\system\Database\BaseConnection.php(593): CodeIgniter\Database\BaseConnection->simpleQuery('SELECT *\r\n     ...')
#3 C:\xampp\htdocs\intern\system\Model.php(801): CodeIgniter\Database\BaseConnection->query('SELECT *\r\n     ...')
#4 C:\xampp\htdocs\intern\app\Models\database_monthly.php(31): CodeIgniter\Model->__call('query', Array)
#5 C:\xampp\htdocs\intern\app\Controllers\insert_controller.php(49): App\Models\database_monthly->check_value_monthly('12', 'twitter')
#6 C:\xampp\htdocs\intern\system\CodeIgniter.php(925): App\Controllers\insert_controller->index()
#7 C:\xampp\htdocs\intern\system\CodeIgniter.php(480): CodeIgniter\CodeIgniter->runController(Object(App\Controllers\insert_controller))
#8 C:\xampp\htdocs\intern\system\CodeIgniter.php(349): CodeIgniter\CodeIgniter->handleRequest(NULL, Object(Config\Cache), false)
#9 C:\xampp\htdocs\intern\public\index.php(67): CodeIgniter\CodeIgniter->run()
#10 {main}
CRITICAL - 2023-01-28 03:39:26 --> Unknown column 'week' in 'where clause'
in SYSTEMPATH\Database\MySQLi\Connection.php on line 292.
 1 SYSTEMPATH\Database\MySQLi\Connection.php(292): mysqli->query('SELECT *
        FROM monthly
        WHERE week = 12 AND network = \'twitter\'', 0)
 2 SYSTEMPATH\Database\BaseConnection.php(666): CodeIgniter\Database\MySQLi\Connection->execute('SELECT *
        FROM monthly
        WHERE week = 12 AND network = \'twitter\'')
 3 SYSTEMPATH\Database\BaseConnection.php(593): CodeIgniter\Database\BaseConnection->simpleQuery('SELECT *
        FROM monthly
        WHERE week = 12 AND network = \'twitter\'')
 4 SYSTEMPATH\Model.php(801): CodeIgniter\Database\BaseConnection->query('SELECT *
        FROM monthly
        WHERE week = 12 AND network = \'twitter\'')
 5 APPPATH\Models\database_monthly.php(31): CodeIgniter\Model->__call('query', [...])
 6 APPPATH\Controllers\insert_controller.php(49): App\Models\database_monthly->check_value_monthly('12', 'twitter')
 7 SYSTEMPATH\CodeIgniter.php(925): App\Controllers\insert_controller->index()
 8 SYSTEMPATH\CodeIgniter.php(480): CodeIgniter\CodeIgniter->runController(Object(App\Controllers\insert_controller))
 9 SYSTEMPATH\CodeIgniter.php(349): CodeIgniter\CodeIgniter->handleRequest(null, Object(Config\Cache), false)
10 FCPATH\index.php(67): CodeIgniter\CodeIgniter->run()
ERROR - 2023-01-28 03:40:02 --> mysqli_sql_exception: Unknown column 'network' in 'where clause' in C:\xampp\htdocs\intern\system\Database\MySQLi\Connection.php:292
Stack trace:
#0 C:\xampp\htdocs\intern\system\Database\MySQLi\Connection.php(292): mysqli->query('SELECT *\r\n     ...', 0)
#1 C:\xampp\htdocs\intern\system\Database\BaseConnection.php(666): CodeIgniter\Database\MySQLi\Connection->execute('SELECT *\r\n     ...')
#2 C:\xampp\htdocs\intern\system\Database\BaseConnection.php(593): CodeIgniter\Database\BaseConnection->simpleQuery('SELECT *\r\n     ...')
#3 C:\xampp\htdocs\intern\system\Model.php(801): CodeIgniter\Database\BaseConnection->query('SELECT *\r\n     ...')
#4 C:\xampp\htdocs\intern\app\Models\database_monthly.php(31): CodeIgniter\Model->__call('query', Array)
#5 C:\xampp\htdocs\intern\app\Controllers\insert_controller.php(49): App\Models\database_monthly->check_value_monthly('12', 'twitter')
#6 C:\xampp\htdocs\intern\system\CodeIgniter.php(925): App\Controllers\insert_controller->index()
#7 C:\xampp\htdocs\intern\system\CodeIgniter.php(480): CodeIgniter\CodeIgniter->runController(Object(App\Controllers\insert_controller))
#8 C:\xampp\htdocs\intern\system\CodeIgniter.php(349): CodeIgniter\CodeIgniter->handleRequest(NULL, Object(Config\Cache), false)
#9 C:\xampp\htdocs\intern\public\index.php(67): CodeIgniter\CodeIgniter->run()
#10 {main}
CRITICAL - 2023-01-28 03:40:02 --> Unknown column 'network' in 'where clause'
in SYSTEMPATH\Database\MySQLi\Connection.php on line 292.
 1 SYSTEMPATH\Database\MySQLi\Connection.php(292): mysqli->query('SELECT *
        FROM monthly
        WHERE month = 12 AND network = \'twitter\'', 0)
 2 SYSTEMPATH\Database\BaseConnection.php(666): CodeIgniter\Database\MySQLi\Connection->execute('SELECT *
        FROM monthly
        WHERE month = 12 AND network = \'twitter\'')
 3 SYSTEMPATH\Database\BaseConnection.php(593): CodeIgniter\Database\BaseConnection->simpleQuery('SELECT *
        FROM monthly
        WHERE month = 12 AND network = \'twitter\'')
 4 SYSTEMPATH\Model.php(801): CodeIgniter\Database\BaseConnection->query('SELECT *
        FROM monthly
        WHERE month = 12 AND network = \'twitter\'')
 5 APPPATH\Models\database_monthly.php(31): CodeIgniter\Model->__call('query', [...])
 6 APPPATH\Controllers\insert_controller.php(49): App\Models\database_monthly->check_value_monthly('12', 'twitter')
 7 SYSTEMPATH\CodeIgniter.php(925): App\Controllers\insert_controller->index()
 8 SYSTEMPATH\CodeIgniter.php(480): CodeIgniter\CodeIgniter->runController(Object(App\Controllers\insert_controller))
 9 SYSTEMPATH\CodeIgniter.php(349): CodeIgniter\CodeIgniter->handleRequest(null, Object(Config\Cache), false)
10 FCPATH\index.php(67): CodeIgniter\CodeIgniter->run()
ERROR - 2023-01-28 04:35:52 --> mysqli_sql_exception: Unknown column 'influencer_id' in 'field list' in C:\xampp\htdocs\intern\system\Database\MySQLi\Connection.php:292
Stack trace:
#0 C:\xampp\htdocs\intern\system\Database\MySQLi\Connection.php(292): mysqli->query('INSERT INTO `we...', 0)
#1 C:\xampp\htdocs\intern\system\Database\BaseConnection.php(666): CodeIgniter\Database\MySQLi\Connection->execute('INSERT INTO `we...')
#2 C:\xampp\htdocs\intern\system\Database\BaseConnection.php(593): CodeIgniter\Database\BaseConnection->simpleQuery('INSERT INTO `we...')
#3 C:\xampp\htdocs\intern\system\Database\BaseBuilder.php(1916): CodeIgniter\Database\BaseConnection->query('INSERT INTO `we...', Array, false)
#4 C:\xampp\htdocs\intern\app\Controllers\insert_controller.php(44): CodeIgniter\Database\BaseBuilder->insert(Array)
#5 C:\xampp\htdocs\intern\system\CodeIgniter.php(925): App\Controllers\insert_controller->index()
#6 C:\xampp\htdocs\intern\system\CodeIgniter.php(480): CodeIgniter\CodeIgniter->runController(Object(App\Controllers\insert_controller))
#7 C:\xampp\htdocs\intern\system\CodeIgniter.php(349): CodeIgniter\CodeIgniter->handleRequest(NULL, Object(Config\Cache), false)
#8 C:\xampp\htdocs\intern\public\index.php(67): CodeIgniter\CodeIgniter->run()
#9 {main}
CRITICAL - 2023-01-28 04:35:52 --> Unknown column 'influencer_id' in 'field list'
in SYSTEMPATH\Database\MySQLi\Connection.php on line 292.
 1 SYSTEMPATH\Database\MySQLi\Connection.php(292): mysqli->query('INSERT INTO `weekly` (`week`, `year`, `influencer_id`, `network`, `total_post`, `unique_post`) VALUES (\'49\', \'2022\', \'297073\', \'twitter\', 20, 20)', 0)
 2 SYSTEMPATH\Database\BaseConnection.php(666): CodeIgniter\Database\MySQLi\Connection->execute('INSERT INTO `weekly` (`week`, `year`, `influencer_id`, `network`, `total_post`, `unique_post`) VALUES (\'49\', \'2022\', \'297073\', \'twitter\', 20, 20)')
 3 SYSTEMPATH\Database\BaseConnection.php(593): CodeIgniter\Database\BaseConnection->simpleQuery('INSERT INTO `weekly` (`week`, `year`, `influencer_id`, `network`, `total_post`, `unique_post`) VALUES (\'49\', \'2022\', \'297073\', \'twitter\', 20, 20)')
 4 SYSTEMPATH\Database\BaseBuilder.php(1916): CodeIgniter\Database\BaseConnection->query('INSERT INTO `weekly` (`week`, `year`, `influencer_id`, `network`, `total_post`, `unique_post`) VALUES (:week:, :year:, :influencer_id:, :network:, :total_post:, :unique_post:)', [...], false)
 5 APPPATH\Controllers\insert_controller.php(44): CodeIgniter\Database\BaseBuilder->insert([...])
 6 SYSTEMPATH\CodeIgniter.php(925): App\Controllers\insert_controller->index()
 7 SYSTEMPATH\CodeIgniter.php(480): CodeIgniter\CodeIgniter->runController(Object(App\Controllers\insert_controller))
 8 SYSTEMPATH\CodeIgniter.php(349): CodeIgniter\CodeIgniter->handleRequest(null, Object(Config\Cache), false)
 9 FCPATH\index.php(67): CodeIgniter\CodeIgniter->run()
ERROR - 2023-01-28 04:36:09 --> mysqli_sql_exception: Unknown column 'influencer_id' in 'field list' in C:\xampp\htdocs\intern\system\Database\MySQLi\Connection.php:292
Stack trace:
#0 C:\xampp\htdocs\intern\system\Database\MySQLi\Connection.php(292): mysqli->query('INSERT INTO `we...', 0)
#1 C:\xampp\htdocs\intern\system\Database\BaseConnection.php(666): CodeIgniter\Database\MySQLi\Connection->execute('INSERT INTO `we...')
#2 C:\xampp\htdocs\intern\system\Database\BaseConnection.php(593): CodeIgniter\Database\BaseConnection->simpleQuery('INSERT INTO `we...')
#3 C:\xampp\htdocs\intern\system\Database\BaseBuilder.php(1916): CodeIgniter\Database\BaseConnection->query('INSERT INTO `we...', Array, false)
#4 C:\xampp\htdocs\intern\app\Controllers\insert_controller.php(44): CodeIgniter\Database\BaseBuilder->insert(Array)
#5 C:\xampp\htdocs\intern\system\CodeIgniter.php(925): App\Controllers\insert_controller->index()
#6 C:\xampp\htdocs\intern\system\CodeIgniter.php(480): CodeIgniter\CodeIgniter->runController(Object(App\Controllers\insert_controller))
#7 C:\xampp\htdocs\intern\system\CodeIgniter.php(349): CodeIgniter\CodeIgniter->handleRequest(NULL, Object(Config\Cache), false)
#8 C:\xampp\htdocs\intern\public\index.php(67): CodeIgniter\CodeIgniter->run()
#9 {main}
CRITICAL - 2023-01-28 04:36:09 --> Unknown column 'influencer_id' in 'field list'
in SYSTEMPATH\Database\MySQLi\Connection.php on line 292.
 1 SYSTEMPATH\Database\MySQLi\Connection.php(292): mysqli->query('INSERT INTO `weekly` (`week`, `year`, `influencer_id`, `network`, `total_post`, `unique_post`) VALUES (\'49\', \'2022\', \'297073\', \'twitter\', 20, 20)', 0)
 2 SYSTEMPATH\Database\BaseConnection.php(666): CodeIgniter\Database\MySQLi\Connection->execute('INSERT INTO `weekly` (`week`, `year`, `influencer_id`, `network`, `total_post`, `unique_post`) VALUES (\'49\', \'2022\', \'297073\', \'twitter\', 20, 20)')
 3 SYSTEMPATH\Database\BaseConnection.php(593): CodeIgniter\Database\BaseConnection->simpleQuery('INSERT INTO `weekly` (`week`, `year`, `influencer_id`, `network`, `total_post`, `unique_post`) VALUES (\'49\', \'2022\', \'297073\', \'twitter\', 20, 20)')
 4 SYSTEMPATH\Database\BaseBuilder.php(1916): CodeIgniter\Database\BaseConnection->query('INSERT INTO `weekly` (`week`, `year`, `influencer_id`, `network`, `total_post`, `unique_post`) VALUES (:week:, :year:, :influencer_id:, :network:, :total_post:, :unique_post:)', [...], false)
 5 APPPATH\Controllers\insert_controller.php(44): CodeIgniter\Database\BaseBuilder->insert([...])
 6 SYSTEMPATH\CodeIgniter.php(925): App\Controllers\insert_controller->index()
 7 SYSTEMPATH\CodeIgniter.php(480): CodeIgniter\CodeIgniter->runController(Object(App\Controllers\insert_controller))
 8 SYSTEMPATH\CodeIgniter.php(349): CodeIgniter\CodeIgniter->handleRequest(null, Object(Config\Cache), false)
 9 FCPATH\index.php(67): CodeIgniter\CodeIgniter->run()
CRITICAL - 2023-01-28 04:39:32 --> Undefined index: influencer_id
in APPPATH\Controllers\insert_controller.php on line 51.
 1 APPPATH\Controllers\insert_controller.php(51): CodeIgniter\Debug\Exceptions->errorHandler(8, 'Undefined index: influencer_id', 'APPPATH\\Controllers\\insert_controller.php', 51, [...])
 2 SYSTEMPATH\CodeIgniter.php(925): App\Controllers\insert_controller->index()
 3 SYSTEMPATH\CodeIgniter.php(480): CodeIgniter\CodeIgniter->runController(Object(App\Controllers\insert_controller))
 4 SYSTEMPATH\CodeIgniter.php(349): CodeIgniter\CodeIgniter->handleRequest(null, Object(Config\Cache), false)
 5 FCPATH\index.php(67): CodeIgniter\CodeIgniter->run()
CRITICAL - 2023-01-28 04:39:41 --> Undefined index: influencer_id
in APPPATH\Controllers\insert_controller.php on line 51.
 1 APPPATH\Controllers\insert_controller.php(51): CodeIgniter\Debug\Exceptions->errorHandler(8, 'Undefined index: influencer_id', 'APPPATH\\Controllers\\insert_controller.php', 51, [...])
 2 SYSTEMPATH\CodeIgniter.php(925): App\Controllers\insert_controller->index()
 3 SYSTEMPATH\CodeIgniter.php(480): CodeIgniter\CodeIgniter->runController(Object(App\Controllers\insert_controller))
 4 SYSTEMPATH\CodeIgniter.php(349): CodeIgniter\CodeIgniter->handleRequest(null, Object(Config\Cache), false)
 5 FCPATH\index.php(67): CodeIgniter\CodeIgniter->run()
CRITICAL - 2023-01-28 04:41:32 --> Undefined index: week
in APPPATH\Controllers\insert_controller.php on line 34.
 1 APPPATH\Controllers\insert_controller.php(34): CodeIgniter\Debug\Exceptions->errorHandler(8, 'Undefined index: week', 'APPPATH\\Controllers\\insert_controller.php', 34, [...])
 2 SYSTEMPATH\CodeIgniter.php(925): App\Controllers\insert_controller->index()
 3 SYSTEMPATH\CodeIgniter.php(480): CodeIgniter\CodeIgniter->runController(Object(App\Controllers\insert_controller))
 4 SYSTEMPATH\CodeIgniter.php(349): CodeIgniter\CodeIgniter->handleRequest(null, Object(Config\Cache), false)
 5 FCPATH\index.php(67): CodeIgniter\CodeIgniter->run()
ERROR - 2023-01-28 04:41:59 --> mysqli_sql_exception: Unknown column 'weekly' in 'where clause' in C:\xampp\htdocs\intern\system\Database\MySQLi\Connection.php:292
Stack trace:
#0 C:\xampp\htdocs\intern\system\Database\MySQLi\Connection.php(292): mysqli->query('SELECT *\r\n     ...', 0)
#1 C:\xampp\htdocs\intern\system\Database\BaseConnection.php(666): CodeIgniter\Database\MySQLi\Connection->execute('SELECT *\r\n     ...')
#2 C:\xampp\htdocs\intern\system\Database\BaseConnection.php(593): CodeIgniter\Database\BaseConnection->simpleQuery('SELECT *\r\n     ...')
#3 C:\xampp\htdocs\intern\system\Model.php(801): CodeIgniter\Database\BaseConnection->query('SELECT *\r\n     ...')
#4 C:\xampp\htdocs\intern\app\Models\database63_model.php(31): CodeIgniter\Model->__call('query', Array)
#5 C:\xampp\htdocs\intern\app\Controllers\insert_controller.php(34): App\Models\database63_model->check_value('49', 'instagram')
#6 C:\xampp\htdocs\intern\system\CodeIgniter.php(925): App\Controllers\insert_controller->index()
#7 C:\xampp\htdocs\intern\system\CodeIgniter.php(480): CodeIgniter\CodeIgniter->runController(Object(App\Controllers\insert_controller))
#8 C:\xampp\htdocs\intern\system\CodeIgniter.php(349): CodeIgniter\CodeIgniter->handleRequest(NULL, Object(Config\Cache), false)
#9 C:\xampp\htdocs\intern\public\index.php(67): CodeIgniter\CodeIgniter->run()
#10 {main}
CRITICAL - 2023-01-28 04:41:59 --> Unknown column 'weekly' in 'where clause'
in SYSTEMPATH\Database\MySQLi\Connection.php on line 292.
 1 SYSTEMPATH\Database\MySQLi\Connection.php(292): mysqli->query('SELECT *
        FROM weekly
        WHERE weekly = 49 AND network = \'instagram\'', 0)
 2 SYSTEMPATH\Database\BaseConnection.php(666): CodeIgniter\Database\MySQLi\Connection->execute('SELECT *
        FROM weekly
        WHERE weekly = 49 AND network = \'instagram\'')
 3 SYSTEMPATH\Database\BaseConnection.php(593): CodeIgniter\Database\BaseConnection->simpleQuery('SELECT *
        FROM weekly
        WHERE weekly = 49 AND network = \'instagram\'')
 4 SYSTEMPATH\Model.php(801): CodeIgniter\Database\BaseConnection->query('SELECT *
        FROM weekly
        WHERE weekly = 49 AND network = \'instagram\'')
 5 APPPATH\Models\database63_model.php(31): CodeIgniter\Model->__call('query', [...])
 6 APPPATH\Controllers\insert_controller.php(34): App\Models\database63_model->check_value('49', 'instagram')
 7 SYSTEMPATH\CodeIgniter.php(925): App\Controllers\insert_controller->index()
 8 SYSTEMPATH\CodeIgniter.php(480): CodeIgniter\CodeIgniter->runController(Object(App\Controllers\insert_controller))
 9 SYSTEMPATH\CodeIgniter.php(349): CodeIgniter\CodeIgniter->handleRequest(null, Object(Config\Cache), false)
10 FCPATH\index.php(67): CodeIgniter\CodeIgniter->run()
CRITICAL - 2023-01-28 04:43:01 --> Undefined variable: week
in APPPATH\Models\database63_model.php on line 31.
 1 APPPATH\Models\database63_model.php(31): CodeIgniter\Debug\Exceptions->errorHandler(8, 'Undefined variable: week', 'APPPATH\\Models\\database63_model.php', 31, [...])
 2 APPPATH\Controllers\insert_controller.php(34): App\Models\database63_model->check_value('49', 'instagram')
 3 SYSTEMPATH\CodeIgniter.php(925): App\Controllers\insert_controller->index()
 4 SYSTEMPATH\CodeIgniter.php(480): CodeIgniter\CodeIgniter->runController(Object(App\Controllers\insert_controller))
 5 SYSTEMPATH\CodeIgniter.php(349): CodeIgniter\CodeIgniter->handleRequest(null, Object(Config\Cache), false)
 6 FCPATH\index.php(67): CodeIgniter\CodeIgniter->run()
ERROR - 2023-01-28 09:12:19 --> mysqli_sql_exception: Table 'influencer.week' doesn't exist in C:\xampp\htdocs\intern\system\Database\MySQLi\Connection.php:292
Stack trace:
#0 C:\xampp\htdocs\intern\system\Database\MySQLi\Connection.php(292): mysqli->query('UPDATE `week` S...', 0)
#1 C:\xampp\htdocs\intern\system\Database\BaseConnection.php(666): CodeIgniter\Database\MySQLi\Connection->execute('UPDATE `week` S...')
#2 C:\xampp\htdocs\intern\system\Database\BaseConnection.php(593): CodeIgniter\Database\BaseConnection->simpleQuery('UPDATE `week` S...')
#3 C:\xampp\htdocs\intern\system\Database\BaseBuilder.php(2079): CodeIgniter\Database\BaseConnection->query('UPDATE `week` S...', Array, false)
#4 C:\xampp\htdocs\intern\app\Controllers\insert_controller.php(40): CodeIgniter\Database\BaseBuilder->update()
#5 C:\xampp\htdocs\intern\system\CodeIgniter.php(925): App\Controllers\insert_controller->index()
#6 C:\xampp\htdocs\intern\system\CodeIgniter.php(480): CodeIgniter\CodeIgniter->runController(Object(App\Controllers\insert_controller))
#7 C:\xampp\htdocs\intern\system\CodeIgniter.php(349): CodeIgniter\CodeIgniter->handleRequest(NULL, Object(Config\Cache), false)
#8 C:\xampp\htdocs\intern\public\index.php(67): CodeIgniter\CodeIgniter->run()
#9 {main}
CRITICAL - 2023-01-28 09:12:19 --> Table 'influencer.week' doesn't exist
in SYSTEMPATH\Database\MySQLi\Connection.php on line 292.
 1 SYSTEMPATH\Database\MySQLi\Connection.php(292): mysqli->query('UPDATE `week` SET `week` = \'49\', `year` = \'2022\', `network` = \'instagram\', `total_post` = \'272\', `unique_post` = \'272\'
WHERE `week` = \'49\'
AND `network` = \'instagram\'', 0)
 2 SYSTEMPATH\Database\BaseConnection.php(666): CodeIgniter\Database\MySQLi\Connection->execute('UPDATE `week` SET `week` = \'49\', `year` = \'2022\', `network` = \'instagram\', `total_post` = \'272\', `unique_post` = \'272\'
WHERE `week` = \'49\'
AND `network` = \'instagram\'')
 3 SYSTEMPATH\Database\BaseConnection.php(593): CodeIgniter\Database\BaseConnection->simpleQuery('UPDATE `week` SET `week` = \'49\', `year` = \'2022\', `network` = \'instagram\', `total_post` = \'272\', `unique_post` = \'272\'
WHERE `week` = \'49\'
AND `network` = \'instagram\'')
 4 SYSTEMPATH\Database\BaseBuilder.php(2079): CodeIgniter\Database\BaseConnection->query('UPDATE `week` SET `week` = :week:, `year` = :year:, `network` = :network:, `total_post` = :total_post:, `unique_post` = :unique_post:
WHERE `week` = :week.1:
AND `network` = :network.1:', [...], false)
 5 APPPATH\Controllers\insert_controller.php(40): CodeIgniter\Database\BaseBuilder->update()
 6 SYSTEMPATH\CodeIgniter.php(925): App\Controllers\insert_controller->index()
 7 SYSTEMPATH\CodeIgniter.php(480): CodeIgniter\CodeIgniter->runController(Object(App\Controllers\insert_controller))
 8 SYSTEMPATH\CodeIgniter.php(349): CodeIgniter\CodeIgniter->handleRequest(null, Object(Config\Cache), false)
 9 FCPATH\index.php(67): CodeIgniter\CodeIgniter->run()
CRITICAL - 2023-01-28 09:28:15 --> Allowed memory size of 536870912 bytes exhausted (tried to allocate 204800 bytes)
in SYSTEMPATH\Database\MySQLi\Connection.php on line 292.
 1 [internal function]: CodeIgniter\Debug\Exceptions->shutdownHandler()
